{"D:\\NHAS\\backend\\src\\server.ts": {"path":"D:\\NHAS\\backend\\src\\server.ts","statementMap":{"0":{"start":{"line":1,"column":0},"end":{"line":1,"column":80}},"1":{"start":{"line":3,"column":0},"end":{"line":3,"column":56}},"2":{"start":{"line":4,"column":0},"end":{"line":4,"column":43}},"3":{"start":{"line":5,"column":0},"end":{"line":5,"column":45}},"4":{"start":{"line":6,"column":0},"end":{"line":6,"column":43}},"5":{"start":{"line":7,"column":0},"end":{"line":7,"column":61}},"6":{"start":{"line":8,"column":0},"end":{"line":8,"column":59}},"7":{"start":{"line":10,"column":73},"end":{"line":12,"column":2}},"8":{"start":{"line":14,"column":97},"end":{"line":34,"column":1}},"9":{"start":{"line":16,"column":4},"end":{"line":21,"column":null}},"10":{"start":{"line":17,"column":8},"end":{"line":19,"column":null}},"11":{"start":{"line":18,"column":12},"end":{"line":18,"column":null}},"12":{"start":{"line":20,"column":8},"end":{"line":20,"column":null}},"13":{"start":{"line":23,"column":4},"end":{"line":25,"column":null}},"14":{"start":{"line":23,"column":79},"end":{"line":25,"column":6}},"15":{"start":{"line":24,"column":8},"end":{"line":24,"column":null}},"16":{"start":{"line":27,"column":4},"end":{"line":27,"column":null}},"17":{"start":{"line":28,"column":4},"end":{"line":28,"column":null}},"18":{"start":{"line":29,"column":4},"end":{"line":29,"column":null}},"19":{"start":{"line":30,"column":4},"end":{"line":30,"column":null}},"20":{"start":{"line":31,"column":4},"end":{"line":31,"column":null}},"21":{"start":{"line":33,"column":4},"end":{"line":33,"column":null}},"22":{"start":{"line":36,"column":9},"end":{"line":36,"column":21}}},"fnMap":{"0":{"name":"(anonymous_8)","decl":{"start":{"line":14,"column":97},"end":{"line":14,"column":98}},"loc":{"start":{"line":14,"column":106},"end":{"line":34,"column":1}}},"1":{"name":"(anonymous_9)","decl":{"start":{"line":16,"column":35},"end":{"line":16,"column":36}},"loc":{"start":{"line":16,"column":46},"end":{"line":21,"column":5}}},"2":{"name":"(anonymous_10)","decl":{"start":{"line":23,"column":24},"end":{"line":23,"column":31}},"loc":{"start":{"line":23,"column":79},"end":{"line":25,"column":6}}},"3":{"name":"(anonymous_11)","decl":{"start":{"line":23,"column":79},"end":{"line":23,"column":null}},"loc":{"start":{"line":23,"column":79},"end":{"line":25,"column":5}}}},"branchMap":{"0":{"loc":{"start":{"line":17,"column":8},"end":{"line":19,"column":null}},"type":"if","locations":[{"start":{"line":17,"column":8},"end":{"line":19,"column":null}}]}},"s":{"0":6,"1":6,"2":6,"3":6,"4":6,"5":6,"6":6,"7":6,"8":6,"9":6,"10":6,"11":6,"12":6,"13":6,"14":1,"15":1,"16":6,"17":6,"18":6,"19":6,"20":6,"21":6,"22":6},"f":{"0":6,"1":6,"2":1,"3":1},"b":{"0":[6]}}
,"D:\\NHAS\\backend\\src\\models\\class.ts": {"path":"D:\\NHAS\\backend\\src\\models\\class.ts","statementMap":{"0":{"start":{"line":1,"column":0},"end":{"line":1,"column":40}},"1":{"start":{"line":4,"column":28},"end":{"line":12,"column":null}},"2":{"start":{"line":15,"column":0},"end":{"line":18,"column":null}},"3":{"start":{"line":20,"column":0},"end":{"line":20,"column":null}}},"fnMap":{},"branchMap":{},"s":{"0":6,"1":6,"2":6,"3":6},"f":{},"b":{}}
,"D:\\NHAS\\backend\\src\\models\\course.ts": {"path":"D:\\NHAS\\backend\\src\\models\\course.ts","statementMap":{"0":{"start":{"line":1,"column":0},"end":{"line":1,"column":40}},"1":{"start":{"line":4,"column":29},"end":{"line":30,"column":null}},"2":{"start":{"line":33,"column":0},"end":{"line":36,"column":null}},"3":{"start":{"line":38,"column":0},"end":{"line":38,"column":null}}},"fnMap":{},"branchMap":{},"s":{"0":6,"1":6,"2":6,"3":6},"f":{},"b":{}}
,"D:\\NHAS\\backend\\src\\models\\group.ts": {"path":"D:\\NHAS\\backend\\src\\models\\group.ts","statementMap":{"0":{"start":{"line":1,"column":0},"end":{"line":1,"column":40}},"1":{"start":{"line":4,"column":28},"end":{"line":18,"column":null}},"2":{"start":{"line":21,"column":0},"end":{"line":24,"column":null}},"3":{"start":{"line":26,"column":0},"end":{"line":26,"column":null}}},"fnMap":{},"branchMap":{},"s":{"0":6,"1":6,"2":6,"3":6},"f":{},"b":{}}
,"D:\\NHAS\\backend\\src\\models\\grouprollcall.ts": {"path":"D:\\NHAS\\backend\\src\\models\\grouprollcall.ts","statementMap":{"0":{"start":{"line":1,"column":0},"end":{"line":1,"column":40}},"1":{"start":{"line":4,"column":36},"end":{"line":27,"column":null}},"2":{"start":{"line":30,"column":0},"end":{"line":33,"column":null}},"3":{"start":{"line":35,"column":0},"end":{"line":35,"column":null}}},"fnMap":{},"branchMap":{},"s":{"0":6,"1":6,"2":6,"3":6},"f":{},"b":{}}
,"D:\\NHAS\\backend\\src\\models\\memberrollcall.ts": {"path":"D:\\NHAS\\backend\\src\\models\\memberrollcall.ts","statementMap":{"0":{"start":{"line":1,"column":0},"end":{"line":1,"column":40}},"1":{"start":{"line":4,"column":37},"end":{"line":33,"column":null}},"2":{"start":{"line":36,"column":0},"end":{"line":39,"column":null}},"3":{"start":{"line":41,"column":0},"end":{"line":41,"column":null}}},"fnMap":{},"branchMap":{},"s":{"0":6,"1":6,"2":6,"3":6},"f":{},"b":{}}
,"D:\\NHAS\\backend\\src\\plugins\\mongoose.ts": {"path":"D:\\NHAS\\backend\\src\\plugins\\mongoose.ts","statementMap":{"0":{"start":{"line":1,"column":0},"end":{"line":1,"column":31}},"1":{"start":{"line":3,"column":13},"end":{"line":3,"column":50}},"2":{"start":{"line":4,"column":13},"end":{"line":4,"column":44}},"3":{"start":{"line":5,"column":17},"end":{"line":5,"column":56}},"4":{"start":{"line":7,"column":28},"end":{"line":17,"column":1}},"5":{"start":{"line":8,"column":2},"end":{"line":16,"column":null}},"6":{"start":{"line":9,"column":4},"end":{"line":15,"column":null}},"7":{"start":{"line":12,"column":8},"end":{"line":13,"column":null}},"8":{"start":{"line":12,"column":18},"end":{"line":12,"column":null}},"9":{"start":{"line":13,"column":13},"end":{"line":13,"column":null}},"10":{"start":{"line":19,"column":9},"end":{"line":19,"column":28}}},"fnMap":{"0":{"name":"(anonymous_1)","decl":{"start":{"line":7,"column":28},"end":{"line":7,"column":31}},"loc":{"start":{"line":7,"column":33},"end":{"line":17,"column":1}}},"1":{"name":"(anonymous_2)","decl":{"start":{"line":11,"column":6},"end":{"line":11,"column":7}},"loc":{"start":{"line":11,"column":14},"end":{"line":14,"column":7}}}},"branchMap":{"0":{"loc":{"start":{"line":3,"column":13},"end":{"line":3,"column":50}},"type":"binary-expr","locations":[{"start":{"line":3,"column":13},"end":{"line":3,"column":35}},{"start":{"line":3,"column":39},"end":{"line":3,"column":50}}]},"1":{"loc":{"start":{"line":4,"column":13},"end":{"line":4,"column":44}},"type":"binary-expr","locations":[{"start":{"line":4,"column":13},"end":{"line":4,"column":35}},{"start":{"line":4,"column":39},"end":{"line":4,"column":44}}]},"2":{"loc":{"start":{"line":5,"column":17},"end":{"line":5,"column":56}},"type":"binary-expr","locations":[{"start":{"line":5,"column":17},"end":{"line":5,"column":43}},{"start":{"line":5,"column":47},"end":{"line":5,"column":56}}]},"3":{"loc":{"start":{"line":8,"column":2},"end":{"line":16,"column":null}},"type":"if","locations":[{"start":{"line":8,"column":2},"end":{"line":16,"column":null}}]},"4":{"loc":{"start":{"line":8,"column":6},"end":{"line":8,"column":73}},"type":"binary-expr","locations":[{"start":{"line":8,"column":6},"end":{"line":8,"column":33}},{"start":{"line":8,"column":37},"end":{"line":8,"column":73}}]},"5":{"loc":{"start":{"line":12,"column":8},"end":{"line":13,"column":null}},"type":"if","locations":[{"start":{"line":12,"column":8},"end":{"line":13,"column":null}},{"start":{"line":13,"column":13},"end":{"line":13,"column":null}}]}},"s":{"0":6,"1":6,"2":6,"3":6,"4":6,"5":6,"6":0,"7":0,"8":0,"9":0,"10":6},"f":{"0":6,"1":0},"b":{"0":[6,6],"1":[6,6],"2":[6,6],"3":[0],"4":[6,0],"5":[0,0]}}
,"D:\\NHAS\\backend\\src\\repo\\class-repo.ts": {"path":"D:\\NHAS\\backend\\src\\repo\\class-repo.ts","statementMap":{"0":{"start":{"line":2,"column":0},"end":{"line":2,"column":35}},"1":{"start":{"line":8,"column":4},"end":{"line":8,"column":null}},"2":{"start":{"line":12,"column":4},"end":{"line":12,"column":null}},"3":{"start":{"line":16,"column":4},"end":{"line":16,"column":null}},"4":{"start":{"line":20,"column":4},"end":{"line":20,"column":null}},"5":{"start":{"line":24,"column":4},"end":{"line":24,"column":null}},"6":{"start":{"line":28,"column":4},"end":{"line":28,"column":null}},"7":{"start":{"line":33,"column":9},"end":{"line":33,"column":22}}},"fnMap":{"0":{"name":"(anonymous_8)","decl":{"start":{"line":5,"column":2},"end":{"line":5,"column":25}},"loc":{"start":{"line":5,"column":2},"end":{"line":5,"column":26}}},"1":{"name":"(anonymous_9)","decl":{"start":{"line":7,"column":2},"end":{"line":7,"column":8}},"loc":{"start":{"line":7,"column":11},"end":{"line":9,"column":3}}},"2":{"name":"(anonymous_10)","decl":{"start":{"line":11,"column":8},"end":{"line":11,"column":18}},"loc":{"start":{"line":11,"column":18},"end":{"line":13,"column":null}}},"3":{"name":"(anonymous_12)","decl":{"start":{"line":15,"column":8},"end":{"line":15,"column":16}},"loc":{"start":{"line":15,"column":34},"end":{"line":17,"column":null}}},"4":{"name":"(anonymous_14)","decl":{"start":{"line":19,"column":8},"end":{"line":19,"column":19}},"loc":{"start":{"line":19,"column":49},"end":{"line":21,"column":null}}},"5":{"name":"(anonymous_16)","decl":{"start":{"line":23,"column":8},"end":{"line":23,"column":19}},"loc":{"start":{"line":23,"column":30},"end":{"line":25,"column":null}}},"6":{"name":"(anonymous_18)","decl":{"start":{"line":27,"column":8},"end":{"line":27,"column":16}},"loc":{"start":{"line":27,"column":27},"end":{"line":29,"column":null}}}},"branchMap":{},"s":{"0":6,"1":36,"2":4,"3":10,"4":2,"5":3,"6":10,"7":6},"f":{"0":36,"1":36,"2":4,"3":10,"4":2,"5":3,"6":10},"b":{}}
,"D:\\NHAS\\backend\\src\\repo\\course-repo.ts": {"path":"D:\\NHAS\\backend\\src\\repo\\course-repo.ts","statementMap":{"0":{"start":{"line":2,"column":0},"end":{"line":2,"column":37}},"1":{"start":{"line":8,"column":4},"end":{"line":8,"column":null}},"2":{"start":{"line":12,"column":4},"end":{"line":12,"column":null}},"3":{"start":{"line":16,"column":4},"end":{"line":16,"column":null}},"4":{"start":{"line":20,"column":4},"end":{"line":20,"column":null}},"5":{"start":{"line":24,"column":4},"end":{"line":24,"column":null}},"6":{"start":{"line":28,"column":4},"end":{"line":28,"column":null}},"7":{"start":{"line":32,"column":4},"end":{"line":34,"column":null}},"8":{"start":{"line":38,"column":4},"end":{"line":41,"column":null}},"9":{"start":{"line":46,"column":9},"end":{"line":46,"column":23}}},"fnMap":{"0":{"name":"(anonymous_8)","decl":{"start":{"line":5,"column":2},"end":{"line":5,"column":25}},"loc":{"start":{"line":5,"column":2},"end":{"line":5,"column":26}}},"1":{"name":"(anonymous_9)","decl":{"start":{"line":7,"column":2},"end":{"line":7,"column":8}},"loc":{"start":{"line":7,"column":11},"end":{"line":9,"column":3}}},"2":{"name":"(anonymous_10)","decl":{"start":{"line":11,"column":8},"end":{"line":11,"column":18}},"loc":{"start":{"line":11,"column":18},"end":{"line":13,"column":null}}},"3":{"name":"(anonymous_12)","decl":{"start":{"line":15,"column":8},"end":{"line":15,"column":17}},"loc":{"start":{"line":15,"column":37},"end":{"line":17,"column":null}}},"4":{"name":"(anonymous_14)","decl":{"start":{"line":19,"column":8},"end":{"line":19,"column":20}},"loc":{"start":{"line":19,"column":58},"end":{"line":21,"column":null}}},"5":{"name":"(anonymous_16)","decl":{"start":{"line":23,"column":8},"end":{"line":23,"column":20}},"loc":{"start":{"line":23,"column":37},"end":{"line":25,"column":null}}},"6":{"name":"(anonymous_18)","decl":{"start":{"line":27,"column":8},"end":{"line":27,"column":17}},"loc":{"start":{"line":27,"column":35},"end":{"line":29,"column":null}}},"7":{"name":"(anonymous_20)","decl":{"start":{"line":31,"column":8},"end":{"line":31,"column":25}},"loc":{"start":{"line":31,"column":43},"end":{"line":35,"column":null}}},"8":{"name":"(anonymous_22)","decl":{"start":{"line":37,"column":8},"end":{"line":37,"column":26}},"loc":{"start":{"line":37,"column":58},"end":{"line":42,"column":null}}}},"branchMap":{},"s":{"0":6,"1":35,"2":4,"3":9,"4":2,"5":3,"6":6,"7":1,"8":1,"9":6},"f":{"0":35,"1":35,"2":4,"3":9,"4":2,"5":3,"6":6,"7":1,"8":1},"b":{}}
,"D:\\NHAS\\backend\\src\\repo\\group-repo.ts": {"path":"D:\\NHAS\\backend\\src\\repo\\group-repo.ts","statementMap":{"0":{"start":{"line":2,"column":0},"end":{"line":2,"column":35}},"1":{"start":{"line":8,"column":4},"end":{"line":8,"column":null}},"2":{"start":{"line":12,"column":4},"end":{"line":12,"column":null}},"3":{"start":{"line":16,"column":4},"end":{"line":16,"column":null}},"4":{"start":{"line":20,"column":4},"end":{"line":20,"column":null}},"5":{"start":{"line":24,"column":4},"end":{"line":24,"column":null}},"6":{"start":{"line":28,"column":4},"end":{"line":28,"column":null}},"7":{"start":{"line":33,"column":9},"end":{"line":33,"column":22}}},"fnMap":{"0":{"name":"(anonymous_8)","decl":{"start":{"line":5,"column":2},"end":{"line":5,"column":25}},"loc":{"start":{"line":5,"column":2},"end":{"line":5,"column":26}}},"1":{"name":"(anonymous_9)","decl":{"start":{"line":7,"column":2},"end":{"line":7,"column":8}},"loc":{"start":{"line":7,"column":11},"end":{"line":9,"column":3}}},"2":{"name":"(anonymous_10)","decl":{"start":{"line":11,"column":8},"end":{"line":11,"column":17}},"loc":{"start":{"line":11,"column":17},"end":{"line":13,"column":null}}},"3":{"name":"(anonymous_12)","decl":{"start":{"line":15,"column":8},"end":{"line":15,"column":16}},"loc":{"start":{"line":15,"column":34},"end":{"line":17,"column":null}}},"4":{"name":"(anonymous_14)","decl":{"start":{"line":19,"column":8},"end":{"line":19,"column":19}},"loc":{"start":{"line":19,"column":55},"end":{"line":21,"column":null}}},"5":{"name":"(anonymous_16)","decl":{"start":{"line":23,"column":8},"end":{"line":23,"column":19}},"loc":{"start":{"line":23,"column":36},"end":{"line":25,"column":null}}},"6":{"name":"(anonymous_18)","decl":{"start":{"line":27,"column":8},"end":{"line":27,"column":16}},"loc":{"start":{"line":27,"column":33},"end":{"line":29,"column":null}}}},"branchMap":{},"s":{"0":6,"1":25,"2":4,"3":8,"4":2,"5":3,"6":4,"7":6},"f":{"0":25,"1":25,"2":4,"3":8,"4":2,"5":3,"6":4},"b":{}}
,"D:\\NHAS\\backend\\src\\repo\\grouprollcall-repo.ts": {"path":"D:\\NHAS\\backend\\src\\repo\\grouprollcall-repo.ts","statementMap":{"0":{"start":{"line":2,"column":0},"end":{"line":2,"column":51}},"1":{"start":{"line":8,"column":4},"end":{"line":8,"column":null}},"2":{"start":{"line":12,"column":4},"end":{"line":12,"column":null}},"3":{"start":{"line":16,"column":4},"end":{"line":16,"column":null}},"4":{"start":{"line":20,"column":4},"end":{"line":20,"column":null}},"5":{"start":{"line":24,"column":4},"end":{"line":24,"column":null}},"6":{"start":{"line":28,"column":4},"end":{"line":28,"column":null}},"7":{"start":{"line":32,"column":4},"end":{"line":36,"column":null}},"8":{"start":{"line":41,"column":9},"end":{"line":41,"column":30}}},"fnMap":{"0":{"name":"(anonymous_8)","decl":{"start":{"line":5,"column":2},"end":{"line":5,"column":25}},"loc":{"start":{"line":5,"column":2},"end":{"line":5,"column":26}}},"1":{"name":"(anonymous_9)","decl":{"start":{"line":7,"column":2},"end":{"line":7,"column":8}},"loc":{"start":{"line":7,"column":11},"end":{"line":9,"column":3}}},"2":{"name":"(anonymous_10)","decl":{"start":{"line":11,"column":8},"end":{"line":11,"column":25}},"loc":{"start":{"line":11,"column":25},"end":{"line":13,"column":null}}},"3":{"name":"(anonymous_12)","decl":{"start":{"line":15,"column":8},"end":{"line":15,"column":24}},"loc":{"start":{"line":15,"column":58},"end":{"line":17,"column":null}}},"4":{"name":"(anonymous_14)","decl":{"start":{"line":19,"column":8},"end":{"line":19,"column":27}},"loc":{"start":{"line":19,"column":73},"end":{"line":21,"column":null}}},"5":{"name":"(anonymous_16)","decl":{"start":{"line":23,"column":8},"end":{"line":23,"column":27}},"loc":{"start":{"line":23,"column":38},"end":{"line":25,"column":null}}},"6":{"name":"(anonymous_18)","decl":{"start":{"line":27,"column":8},"end":{"line":27,"column":24}},"loc":{"start":{"line":27,"column":35},"end":{"line":29,"column":null}}},"7":{"name":"(anonymous_20)","decl":{"start":{"line":31,"column":8},"end":{"line":31,"column":33}},"loc":{"start":{"line":31,"column":85},"end":{"line":37,"column":null}}}},"branchMap":{},"s":{"0":6,"1":31,"2":4,"3":8,"4":2,"5":3,"6":2,"7":3,"8":6},"f":{"0":31,"1":31,"2":4,"3":8,"4":2,"5":3,"6":2,"7":3},"b":{}}
,"D:\\NHAS\\backend\\src\\repo\\memberrollcall-repo.ts": {"path":"D:\\NHAS\\backend\\src\\repo\\memberrollcall-repo.ts","statementMap":{"0":{"start":{"line":2,"column":0},"end":{"line":2,"column":53}},"1":{"start":{"line":8,"column":4},"end":{"line":8,"column":null}},"2":{"start":{"line":12,"column":4},"end":{"line":12,"column":null}},"3":{"start":{"line":16,"column":4},"end":{"line":16,"column":null}},"4":{"start":{"line":20,"column":4},"end":{"line":20,"column":null}},"5":{"start":{"line":24,"column":4},"end":{"line":24,"column":null}},"6":{"start":{"line":28,"column":4},"end":{"line":28,"column":null}},"7":{"start":{"line":32,"column":4},"end":{"line":37,"column":null}},"8":{"start":{"line":42,"column":9},"end":{"line":42,"column":31}}},"fnMap":{"0":{"name":"(anonymous_8)","decl":{"start":{"line":5,"column":2},"end":{"line":5,"column":25}},"loc":{"start":{"line":5,"column":2},"end":{"line":5,"column":26}}},"1":{"name":"(anonymous_9)","decl":{"start":{"line":7,"column":2},"end":{"line":7,"column":8}},"loc":{"start":{"line":7,"column":11},"end":{"line":9,"column":3}}},"2":{"name":"(anonymous_10)","decl":{"start":{"line":11,"column":8},"end":{"line":11,"column":26}},"loc":{"start":{"line":11,"column":26},"end":{"line":13,"column":null}}},"3":{"name":"(anonymous_12)","decl":{"start":{"line":15,"column":8},"end":{"line":15,"column":25}},"loc":{"start":{"line":15,"column":61},"end":{"line":17,"column":null}}},"4":{"name":"(anonymous_14)","decl":{"start":{"line":19,"column":8},"end":{"line":19,"column":28}},"loc":{"start":{"line":19,"column":76},"end":{"line":21,"column":null}}},"5":{"name":"(anonymous_16)","decl":{"start":{"line":23,"column":8},"end":{"line":23,"column":28}},"loc":{"start":{"line":23,"column":39},"end":{"line":25,"column":null}}},"6":{"name":"(anonymous_18)","decl":{"start":{"line":27,"column":8},"end":{"line":27,"column":25}},"loc":{"start":{"line":27,"column":36},"end":{"line":29,"column":null}}},"7":{"name":"(anonymous_20)","decl":{"start":{"line":31,"column":8},"end":{"line":31,"column":34}},"loc":{"start":{"line":31,"column":105},"end":{"line":38,"column":null}}}},"branchMap":{},"s":{"0":6,"1":33,"2":4,"3":7,"4":2,"5":3,"6":2,"7":4,"8":6},"f":{"0":33,"1":33,"2":4,"3":7,"4":2,"5":3,"6":2,"7":4},"b":{}}
,"D:\\NHAS\\backend\\src\\routes\\class.ts": {"path":"D:\\NHAS\\backend\\src\\routes\\class.ts","statementMap":{"0":{"start":{"line":4,"column":0},"end":{"line":4,"column":50}},"1":{"start":{"line":6,"column":0},"end":{"line":6,"column":32}},"2":{"start":{"line":7,"column":0},"end":{"line":7,"column":48}},"3":{"start":{"line":9,"column":24},"end":{"line":16,"column":2}},"4":{"start":{"line":18,"column":22},"end":{"line":23,"column":2}},"5":{"start":{"line":28,"column":20},"end":{"line":107,"column":1}},"6":{"start":{"line":30,"column":4},"end":{"line":38,"column":null}},"7":{"start":{"line":30,"column":113},"end":{"line":38,"column":6}},"8":{"start":{"line":31,"column":26},"end":{"line":31,"column":44}},"9":{"start":{"line":32,"column":8},"end":{"line":37,"column":null}},"10":{"start":{"line":33,"column":28},"end":{"line":33,"column":56}},"11":{"start":{"line":34,"column":12},"end":{"line":34,"column":null}},"12":{"start":{"line":36,"column":12},"end":{"line":36,"column":null}},"13":{"start":{"line":40,"column":4},"end":{"line":56,"column":null}},"14":{"start":{"line":40,"column":141},"end":{"line":56,"column":6}},"15":{"start":{"line":41,"column":26},"end":{"line":41,"column":44}},"16":{"start":{"line":42,"column":8},"end":{"line":55,"column":null}},"17":{"start":{"line":43,"column":29},"end":{"line":43,"column":52}},"18":{"start":{"line":44,"column":12},"end":{"line":46,"column":null}},"19":{"start":{"line":45,"column":16},"end":{"line":45,"column":null}},"20":{"start":{"line":47,"column":27},"end":{"line":47,"column":61}},"21":{"start":{"line":48,"column":12},"end":{"line":52,"column":null}},"22":{"start":{"line":49,"column":16},"end":{"line":49,"column":null}},"23":{"start":{"line":51,"column":16},"end":{"line":51,"column":null}},"24":{"start":{"line":54,"column":12},"end":{"line":54,"column":null}},"25":{"start":{"line":58,"column":4},"end":{"line":67,"column":null}},"26":{"start":{"line":58,"column":71},"end":{"line":67,"column":6}},"27":{"start":{"line":59,"column":26},"end":{"line":59,"column":44}},"28":{"start":{"line":60,"column":8},"end":{"line":66,"column":null}},"29":{"start":{"line":61,"column":30},"end":{"line":61,"column":42}},"30":{"start":{"line":62,"column":27},"end":{"line":62,"column":62}},"31":{"start":{"line":63,"column":12},"end":{"line":63,"column":null}},"32":{"start":{"line":65,"column":12},"end":{"line":65,"column":null}},"33":{"start":{"line":69,"column":4},"end":{"line":86,"column":null}},"34":{"start":{"line":69,"column":96},"end":{"line":86,"column":8}},"35":{"start":{"line":70,"column":26},"end":{"line":70,"column":44}},"36":{"start":{"line":71,"column":8},"end":{"line":85,"column":null}},"37":{"start":{"line":72,"column":28},"end":{"line":72,"column":40}},"38":{"start":{"line":73,"column":27},"end":{"line":73,"column":50}},"39":{"start":{"line":74,"column":10},"end":{"line":76,"column":null}},"40":{"start":{"line":75,"column":14},"end":{"line":75,"column":null}},"41":{"start":{"line":77,"column":25},"end":{"line":77,"column":73}},"42":{"start":{"line":78,"column":10},"end":{"line":82,"column":null}},"43":{"start":{"line":79,"column":14},"end":{"line":79,"column":null}},"44":{"start":{"line":81,"column":14},"end":{"line":81,"column":null}},"45":{"start":{"line":84,"column":10},"end":{"line":84,"column":null}},"46":{"start":{"line":88,"column":4},"end":{"line":104,"column":null}},"47":{"start":{"line":88,"column":85},"end":{"line":104,"column":6}},"48":{"start":{"line":89,"column":26},"end":{"line":89,"column":44}},"49":{"start":{"line":90,"column":8},"end":{"line":103,"column":null}},"50":{"start":{"line":91,"column":29},"end":{"line":91,"column":52}},"51":{"start":{"line":92,"column":12},"end":{"line":94,"column":null}},"52":{"start":{"line":93,"column":16},"end":{"line":93,"column":null}},"53":{"start":{"line":95,"column":27},"end":{"line":95,"column":64}},"54":{"start":{"line":96,"column":12},"end":{"line":100,"column":null}},"55":{"start":{"line":97,"column":16},"end":{"line":97,"column":null}},"56":{"start":{"line":99,"column":16},"end":{"line":99,"column":null}},"57":{"start":{"line":102,"column":12},"end":{"line":102,"column":null}},"58":{"start":{"line":106,"column":4},"end":{"line":106,"column":null}},"59":{"start":{"line":109,"column":9},"end":{"line":109,"column":20}}},"fnMap":{"0":{"name":"(anonymous_7)","decl":{"start":{"line":28,"column":20},"end":{"line":28,"column":21}},"loc":{"start":{"line":28,"column":108},"end":{"line":107,"column":1}}},"1":{"name":"(anonymous_8)","decl":{"start":{"line":30,"column":88},"end":{"line":30,"column":95}},"loc":{"start":{"line":30,"column":113},"end":{"line":38,"column":6}}},"2":{"name":"(anonymous_9)","decl":{"start":{"line":30,"column":113},"end":{"line":30,"column":null}},"loc":{"start":{"line":30,"column":113},"end":{"line":38,"column":5}}},"3":{"name":"(anonymous_10)","decl":{"start":{"line":40,"column":116},"end":{"line":40,"column":123}},"loc":{"start":{"line":40,"column":141},"end":{"line":56,"column":6}}},"4":{"name":"(anonymous_11)","decl":{"start":{"line":40,"column":141},"end":{"line":40,"column":null}},"loc":{"start":{"line":40,"column":141},"end":{"line":56,"column":5}}},"5":{"name":"(anonymous_12)","decl":{"start":{"line":58,"column":46},"end":{"line":58,"column":53}},"loc":{"start":{"line":58,"column":71},"end":{"line":67,"column":6}}},"6":{"name":"(anonymous_13)","decl":{"start":{"line":58,"column":71},"end":{"line":58,"column":null}},"loc":{"start":{"line":58,"column":71},"end":{"line":67,"column":5}}},"7":{"name":"(anonymous_14)","decl":{"start":{"line":69,"column":71},"end":{"line":69,"column":78}},"loc":{"start":{"line":69,"column":96},"end":{"line":86,"column":8}}},"8":{"name":"(anonymous_15)","decl":{"start":{"line":69,"column":96},"end":{"line":69,"column":null}},"loc":{"start":{"line":69,"column":96},"end":{"line":86,"column":7}}},"9":{"name":"(anonymous_16)","decl":{"start":{"line":88,"column":60},"end":{"line":88,"column":67}},"loc":{"start":{"line":88,"column":85},"end":{"line":104,"column":6}}},"10":{"name":"(anonymous_17)","decl":{"start":{"line":88,"column":85},"end":{"line":88,"column":null}},"loc":{"start":{"line":88,"column":85},"end":{"line":104,"column":5}}}},"branchMap":{"0":{"loc":{"start":{"line":44,"column":12},"end":{"line":46,"column":null}},"type":"if","locations":[{"start":{"line":44,"column":12},"end":{"line":46,"column":null}}]},"1":{"loc":{"start":{"line":48,"column":12},"end":{"line":52,"column":null}},"type":"if","locations":[{"start":{"line":48,"column":12},"end":{"line":52,"column":null}},{"start":{"line":50,"column":19},"end":{"line":52,"column":null}}]},"2":{"loc":{"start":{"line":74,"column":10},"end":{"line":76,"column":null}},"type":"if","locations":[{"start":{"line":74,"column":10},"end":{"line":76,"column":null}}]},"3":{"loc":{"start":{"line":78,"column":10},"end":{"line":82,"column":null}},"type":"if","locations":[{"start":{"line":78,"column":10},"end":{"line":82,"column":null}},{"start":{"line":80,"column":17},"end":{"line":82,"column":null}}]},"4":{"loc":{"start":{"line":92,"column":12},"end":{"line":94,"column":null}},"type":"if","locations":[{"start":{"line":92,"column":12},"end":{"line":94,"column":null}}]},"5":{"loc":{"start":{"line":96,"column":12},"end":{"line":100,"column":null}},"type":"if","locations":[{"start":{"line":96,"column":12},"end":{"line":100,"column":null}},{"start":{"line":98,"column":19},"end":{"line":100,"column":null}}]}},"s":{"0":6,"1":6,"2":6,"3":6,"4":6,"5":6,"6":6,"7":4,"8":4,"9":4,"10":4,"11":4,"12":0,"13":6,"14":3,"15":3,"16":3,"17":3,"18":3,"19":1,"20":2,"21":2,"22":1,"23":1,"24":0,"25":6,"26":10,"27":10,"28":10,"29":10,"30":10,"31":10,"32":0,"33":6,"34":3,"35":3,"36":3,"37":3,"38":3,"39":3,"40":1,"41":2,"42":2,"43":1,"44":1,"45":0,"46":6,"47":4,"48":4,"49":4,"50":4,"51":4,"52":1,"53":3,"54":3,"55":2,"56":1,"57":0,"58":6,"59":6},"f":{"0":6,"1":4,"2":4,"3":3,"4":3,"5":10,"6":10,"7":3,"8":3,"9":4,"10":4},"b":{"0":[1],"1":[1,1],"2":[1],"3":[1,1],"4":[1],"5":[2,1]}}
,"D:\\NHAS\\backend\\src\\routes\\course.ts": {"path":"D:\\NHAS\\backend\\src\\routes\\course.ts","statementMap":{"0":{"start":{"line":4,"column":0},"end":{"line":4,"column":50}},"1":{"start":{"line":5,"column":0},"end":{"line":5,"column":52}},"2":{"start":{"line":6,"column":0},"end":{"line":6,"column":66}},"3":{"start":{"line":7,"column":0},"end":{"line":7,"column":68}},"4":{"start":{"line":9,"column":0},"end":{"line":9,"column":32}},"5":{"start":{"line":10,"column":0},"end":{"line":10,"column":61}},"6":{"start":{"line":13,"column":24},"end":{"line":41,"column":2}},"7":{"start":{"line":43,"column":23},"end":{"line":69,"column":2}},"8":{"start":{"line":74,"column":21},"end":{"line":234,"column":1}},"9":{"start":{"line":76,"column":4},"end":{"line":84,"column":null}},"10":{"start":{"line":76,"column":113},"end":{"line":84,"column":6}},"11":{"start":{"line":77,"column":27},"end":{"line":77,"column":46}},"12":{"start":{"line":78,"column":8},"end":{"line":83,"column":null}},"13":{"start":{"line":79,"column":28},"end":{"line":79,"column":57}},"14":{"start":{"line":80,"column":12},"end":{"line":80,"column":null}},"15":{"start":{"line":82,"column":12},"end":{"line":82,"column":null}},"16":{"start":{"line":86,"column":4},"end":{"line":124,"column":null}},"17":{"start":{"line":86,"column":151},"end":{"line":124,"column":6}},"18":{"start":{"line":87,"column":26},"end":{"line":87,"column":44}},"19":{"start":{"line":88,"column":27},"end":{"line":88,"column":46}},"20":{"start":{"line":89,"column":34},"end":{"line":89,"column":60}},"21":{"start":{"line":90,"column":35},"end":{"line":90,"column":62}},"22":{"start":{"line":91,"column":8},"end":{"line":123,"column":null}},"23":{"start":{"line":92,"column":29},"end":{"line":92,"column":52}},"24":{"start":{"line":93,"column":12},"end":{"line":95,"column":null}},"25":{"start":{"line":94,"column":16},"end":{"line":94,"column":null}},"26":{"start":{"line":96,"column":27},"end":{"line":96,"column":61}},"27":{"start":{"line":97,"column":12},"end":{"line":99,"column":null}},"28":{"start":{"line":98,"column":16},"end":{"line":98,"column":null}},"29":{"start":{"line":100,"column":30},"end":{"line":100,"column":46}},"30":{"start":{"line":101,"column":28},"end":{"line":101,"column":73}},"31":{"start":{"line":102,"column":12},"end":{"line":118,"column":null}},"32":{"start":{"line":103,"column":16},"end":{"line":117,"column":null}},"33":{"start":{"line":103,"column":29},"end":{"line":103,"column":30}},"34":{"start":{"line":104,"column":33},"end":{"line":104,"column":48}},"35":{"start":{"line":105,"column":39},"end":{"line":105,"column":60}},"36":{"start":{"line":106,"column":35},"end":{"line":106,"column":113}},"37":{"start":{"line":107,"column":20},"end":{"line":116,"column":null}},"38":{"start":{"line":108,"column":24},"end":{"line":114,"column":null}},"39":{"start":{"line":108,"column":37},"end":{"line":108,"column":38}},"40":{"start":{"line":109,"column":46},"end":{"line":109,"column":65}},"41":{"start":{"line":110,"column":44},"end":{"line":110,"column":135}},"42":{"start":{"line":111,"column":28},"end":{"line":113,"column":null}},"43":{"start":{"line":112,"column":32},"end":{"line":112,"column":null}},"44":{"start":{"line":115,"column":24},"end":{"line":115,"column":null}},"45":{"start":{"line":119,"column":12},"end":{"line":119,"column":null}},"46":{"start":{"line":122,"column":12},"end":{"line":122,"column":null}},"47":{"start":{"line":126,"column":4},"end":{"line":165,"column":null}},"48":{"start":{"line":126,"column":162},"end":{"line":165,"column":6}},"49":{"start":{"line":127,"column":26},"end":{"line":127,"column":44}},"50":{"start":{"line":128,"column":27},"end":{"line":128,"column":46}},"51":{"start":{"line":129,"column":34},"end":{"line":129,"column":60}},"52":{"start":{"line":130,"column":35},"end":{"line":130,"column":62}},"53":{"start":{"line":131,"column":8},"end":{"line":164,"column":null}},"54":{"start":{"line":132,"column":29},"end":{"line":132,"column":52}},"55":{"start":{"line":133,"column":25},"end":{"line":133,"column":44}},"56":{"start":{"line":134,"column":12},"end":{"line":136,"column":null}},"57":{"start":{"line":135,"column":16},"end":{"line":135,"column":null}},"58":{"start":{"line":137,"column":27},"end":{"line":137,"column":61}},"59":{"start":{"line":138,"column":12},"end":{"line":140,"column":null}},"60":{"start":{"line":139,"column":16},"end":{"line":139,"column":null}},"61":{"start":{"line":141,"column":30},"end":{"line":141,"column":46}},"62":{"start":{"line":142,"column":28},"end":{"line":142,"column":80}},"63":{"start":{"line":143,"column":12},"end":{"line":159,"column":null}},"64":{"start":{"line":144,"column":16},"end":{"line":158,"column":null}},"65":{"start":{"line":144,"column":29},"end":{"line":144,"column":30}},"66":{"start":{"line":145,"column":33},"end":{"line":145,"column":48}},"67":{"start":{"line":146,"column":39},"end":{"line":146,"column":60}},"68":{"start":{"line":147,"column":35},"end":{"line":147,"column":113}},"69":{"start":{"line":148,"column":20},"end":{"line":157,"column":null}},"70":{"start":{"line":149,"column":24},"end":{"line":155,"column":null}},"71":{"start":{"line":149,"column":37},"end":{"line":149,"column":38}},"72":{"start":{"line":150,"column":46},"end":{"line":150,"column":65}},"73":{"start":{"line":151,"column":44},"end":{"line":151,"column":135}},"74":{"start":{"line":152,"column":28},"end":{"line":154,"column":null}},"75":{"start":{"line":153,"column":32},"end":{"line":153,"column":null}},"76":{"start":{"line":156,"column":24},"end":{"line":156,"column":null}},"77":{"start":{"line":160,"column":12},"end":{"line":160,"column":null}},"78":{"start":{"line":163,"column":12},"end":{"line":163,"column":null}},"79":{"start":{"line":167,"column":4},"end":{"line":183,"column":null}},"80":{"start":{"line":167,"column":143},"end":{"line":183,"column":6}},"81":{"start":{"line":168,"column":27},"end":{"line":168,"column":46}},"82":{"start":{"line":169,"column":8},"end":{"line":182,"column":null}},"83":{"start":{"line":170,"column":30},"end":{"line":170,"column":54}},"84":{"start":{"line":171,"column":12},"end":{"line":173,"column":null}},"85":{"start":{"line":172,"column":16},"end":{"line":172,"column":null}},"86":{"start":{"line":174,"column":27},"end":{"line":174,"column":64}},"87":{"start":{"line":175,"column":12},"end":{"line":179,"column":null}},"88":{"start":{"line":176,"column":16},"end":{"line":176,"column":null}},"89":{"start":{"line":178,"column":16},"end":{"line":178,"column":null}},"90":{"start":{"line":181,"column":12},"end":{"line":181,"column":null}},"91":{"start":{"line":185,"column":4},"end":{"line":194,"column":null}},"92":{"start":{"line":185,"column":72},"end":{"line":194,"column":6}},"93":{"start":{"line":186,"column":27},"end":{"line":186,"column":46}},"94":{"start":{"line":187,"column":8},"end":{"line":193,"column":null}},"95":{"start":{"line":188,"column":31},"end":{"line":188,"column":43}},"96":{"start":{"line":189,"column":27},"end":{"line":189,"column":65}},"97":{"start":{"line":190,"column":12},"end":{"line":190,"column":null}},"98":{"start":{"line":192,"column":12},"end":{"line":192,"column":null}},"99":{"start":{"line":196,"column":4},"end":{"line":213,"column":null}},"100":{"start":{"line":196,"column":98},"end":{"line":213,"column":8}},"101":{"start":{"line":197,"column":27},"end":{"line":197,"column":46}},"102":{"start":{"line":198,"column":8},"end":{"line":212,"column":null}},"103":{"start":{"line":199,"column":29},"end":{"line":199,"column":41}},"104":{"start":{"line":200,"column":28},"end":{"line":200,"column":52}},"105":{"start":{"line":201,"column":10},"end":{"line":203,"column":null}},"106":{"start":{"line":202,"column":14},"end":{"line":202,"column":null}},"107":{"start":{"line":204,"column":25},"end":{"line":204,"column":77}},"108":{"start":{"line":205,"column":10},"end":{"line":209,"column":null}},"109":{"start":{"line":206,"column":14},"end":{"line":206,"column":null}},"110":{"start":{"line":208,"column":14},"end":{"line":208,"column":null}},"111":{"start":{"line":211,"column":10},"end":{"line":211,"column":null}},"112":{"start":{"line":215,"column":4},"end":{"line":231,"column":null}},"113":{"start":{"line":215,"column":86},"end":{"line":231,"column":6}},"114":{"start":{"line":216,"column":27},"end":{"line":216,"column":46}},"115":{"start":{"line":217,"column":8},"end":{"line":230,"column":null}},"116":{"start":{"line":218,"column":30},"end":{"line":218,"column":54}},"117":{"start":{"line":219,"column":12},"end":{"line":221,"column":null}},"118":{"start":{"line":220,"column":16},"end":{"line":220,"column":null}},"119":{"start":{"line":222,"column":27},"end":{"line":222,"column":67}},"120":{"start":{"line":223,"column":12},"end":{"line":227,"column":null}},"121":{"start":{"line":224,"column":16},"end":{"line":224,"column":null}},"122":{"start":{"line":226,"column":16},"end":{"line":226,"column":null}},"123":{"start":{"line":229,"column":12},"end":{"line":229,"column":null}},"124":{"start":{"line":233,"column":4},"end":{"line":233,"column":null}},"125":{"start":{"line":236,"column":9},"end":{"line":236,"column":21}}},"fnMap":{"0":{"name":"(anonymous_7)","decl":{"start":{"line":74,"column":21},"end":{"line":74,"column":22}},"loc":{"start":{"line":74,"column":109},"end":{"line":234,"column":1}}},"1":{"name":"(anonymous_8)","decl":{"start":{"line":76,"column":88},"end":{"line":76,"column":95}},"loc":{"start":{"line":76,"column":113},"end":{"line":84,"column":6}}},"2":{"name":"(anonymous_9)","decl":{"start":{"line":76,"column":113},"end":{"line":76,"column":null}},"loc":{"start":{"line":76,"column":113},"end":{"line":84,"column":5}}},"3":{"name":"(anonymous_10)","decl":{"start":{"line":86,"column":126},"end":{"line":86,"column":133}},"loc":{"start":{"line":86,"column":151},"end":{"line":124,"column":6}}},"4":{"name":"(anonymous_11)","decl":{"start":{"line":86,"column":151},"end":{"line":86,"column":null}},"loc":{"start":{"line":86,"column":151},"end":{"line":124,"column":5}}},"5":{"name":"(anonymous_12)","decl":{"start":{"line":126,"column":137},"end":{"line":126,"column":144}},"loc":{"start":{"line":126,"column":162},"end":{"line":165,"column":6}}},"6":{"name":"(anonymous_13)","decl":{"start":{"line":126,"column":162},"end":{"line":126,"column":null}},"loc":{"start":{"line":126,"column":162},"end":{"line":165,"column":5}}},"7":{"name":"(anonymous_14)","decl":{"start":{"line":167,"column":118},"end":{"line":167,"column":125}},"loc":{"start":{"line":167,"column":143},"end":{"line":183,"column":6}}},"8":{"name":"(anonymous_15)","decl":{"start":{"line":167,"column":143},"end":{"line":167,"column":null}},"loc":{"start":{"line":167,"column":143},"end":{"line":183,"column":5}}},"9":{"name":"(anonymous_16)","decl":{"start":{"line":185,"column":47},"end":{"line":185,"column":54}},"loc":{"start":{"line":185,"column":72},"end":{"line":194,"column":6}}},"10":{"name":"(anonymous_17)","decl":{"start":{"line":185,"column":72},"end":{"line":185,"column":null}},"loc":{"start":{"line":185,"column":72},"end":{"line":194,"column":5}}},"11":{"name":"(anonymous_18)","decl":{"start":{"line":196,"column":73},"end":{"line":196,"column":80}},"loc":{"start":{"line":196,"column":98},"end":{"line":213,"column":8}}},"12":{"name":"(anonymous_19)","decl":{"start":{"line":196,"column":98},"end":{"line":196,"column":null}},"loc":{"start":{"line":196,"column":98},"end":{"line":213,"column":7}}},"13":{"name":"(anonymous_20)","decl":{"start":{"line":215,"column":61},"end":{"line":215,"column":68}},"loc":{"start":{"line":215,"column":86},"end":{"line":231,"column":6}}},"14":{"name":"(anonymous_21)","decl":{"start":{"line":215,"column":86},"end":{"line":215,"column":null}},"loc":{"start":{"line":215,"column":86},"end":{"line":231,"column":5}}}},"branchMap":{"0":{"loc":{"start":{"line":93,"column":12},"end":{"line":95,"column":null}},"type":"if","locations":[{"start":{"line":93,"column":12},"end":{"line":95,"column":null}}]},"1":{"loc":{"start":{"line":97,"column":12},"end":{"line":99,"column":null}},"type":"if","locations":[{"start":{"line":97,"column":12},"end":{"line":99,"column":null}}]},"2":{"loc":{"start":{"line":102,"column":12},"end":{"line":118,"column":null}},"type":"if","locations":[{"start":{"line":102,"column":12},"end":{"line":118,"column":null}}]},"3":{"loc":{"start":{"line":107,"column":20},"end":{"line":116,"column":null}},"type":"if","locations":[{"start":{"line":107,"column":20},"end":{"line":116,"column":null}}]},"4":{"loc":{"start":{"line":111,"column":28},"end":{"line":113,"column":null}},"type":"if","locations":[{"start":{"line":111,"column":28},"end":{"line":113,"column":null}}]},"5":{"loc":{"start":{"line":134,"column":12},"end":{"line":136,"column":null}},"type":"if","locations":[{"start":{"line":134,"column":12},"end":{"line":136,"column":null}}]},"6":{"loc":{"start":{"line":138,"column":12},"end":{"line":140,"column":null}},"type":"if","locations":[{"start":{"line":138,"column":12},"end":{"line":140,"column":null}}]},"7":{"loc":{"start":{"line":143,"column":12},"end":{"line":159,"column":null}},"type":"if","locations":[{"start":{"line":143,"column":12},"end":{"line":159,"column":null}}]},"8":{"loc":{"start":{"line":148,"column":20},"end":{"line":157,"column":null}},"type":"if","locations":[{"start":{"line":148,"column":20},"end":{"line":157,"column":null}}]},"9":{"loc":{"start":{"line":152,"column":28},"end":{"line":154,"column":null}},"type":"if","locations":[{"start":{"line":152,"column":28},"end":{"line":154,"column":null}}]},"10":{"loc":{"start":{"line":171,"column":12},"end":{"line":173,"column":null}},"type":"if","locations":[{"start":{"line":171,"column":12},"end":{"line":173,"column":null}}]},"11":{"loc":{"start":{"line":175,"column":12},"end":{"line":179,"column":null}},"type":"if","locations":[{"start":{"line":175,"column":12},"end":{"line":179,"column":null}},{"start":{"line":177,"column":19},"end":{"line":179,"column":null}}]},"12":{"loc":{"start":{"line":201,"column":10},"end":{"line":203,"column":null}},"type":"if","locations":[{"start":{"line":201,"column":10},"end":{"line":203,"column":null}}]},"13":{"loc":{"start":{"line":205,"column":10},"end":{"line":209,"column":null}},"type":"if","locations":[{"start":{"line":205,"column":10},"end":{"line":209,"column":null}},{"start":{"line":207,"column":17},"end":{"line":209,"column":null}}]},"14":{"loc":{"start":{"line":219,"column":12},"end":{"line":221,"column":null}},"type":"if","locations":[{"start":{"line":219,"column":12},"end":{"line":221,"column":null}}]},"15":{"loc":{"start":{"line":223,"column":12},"end":{"line":227,"column":null}},"type":"if","locations":[{"start":{"line":223,"column":12},"end":{"line":227,"column":null}},{"start":{"line":225,"column":19},"end":{"line":227,"column":null}}]}},"s":{"0":6,"1":6,"2":6,"3":6,"4":6,"5":6,"6":6,"7":6,"8":6,"9":6,"10":4,"11":4,"12":4,"13":4,"14":4,"15":0,"16":6,"17":3,"18":3,"19":3,"20":3,"21":3,"22":3,"23":3,"24":3,"25":1,"26":2,"27":2,"28":1,"29":1,"30":1,"31":1,"32":1,"33":1,"34":1,"35":1,"36":1,"37":1,"38":1,"39":1,"40":1,"41":1,"42":1,"43":1,"44":1,"45":1,"46":0,"47":6,"48":3,"49":3,"50":3,"51":3,"52":3,"53":3,"54":3,"55":3,"56":3,"57":1,"58":2,"59":2,"60":1,"61":1,"62":1,"63":1,"64":1,"65":1,"66":1,"67":1,"68":1,"69":1,"70":1,"71":1,"72":1,"73":1,"74":1,"75":1,"76":1,"77":1,"78":0,"79":6,"80":3,"81":3,"82":3,"83":3,"84":3,"85":1,"86":2,"87":2,"88":1,"89":1,"90":0,"91":6,"92":9,"93":9,"94":9,"95":9,"96":9,"97":9,"98":0,"99":6,"100":3,"101":3,"102":3,"103":3,"104":3,"105":3,"106":1,"107":2,"108":2,"109":1,"110":1,"111":0,"112":6,"113":4,"114":4,"115":4,"116":4,"117":4,"118":1,"119":3,"120":3,"121":2,"122":1,"123":0,"124":6,"125":6},"f":{"0":6,"1":4,"2":4,"3":3,"4":3,"5":3,"6":3,"7":3,"8":3,"9":9,"10":9,"11":3,"12":3,"13":4,"14":4},"b":{"0":[1],"1":[1],"2":[1],"3":[1],"4":[1],"5":[1],"6":[1],"7":[1],"8":[1],"9":[1],"10":[1],"11":[1,1],"12":[1],"13":[1,1],"14":[1],"15":[2,1]}}
,"D:\\NHAS\\backend\\src\\routes\\group.ts": {"path":"D:\\NHAS\\backend\\src\\routes\\group.ts","statementMap":{"0":{"start":{"line":4,"column":0},"end":{"line":4,"column":50}},"1":{"start":{"line":6,"column":0},"end":{"line":6,"column":32}},"2":{"start":{"line":7,"column":0},"end":{"line":7,"column":48}},"3":{"start":{"line":9,"column":23},"end":{"line":18,"column":2}},"4":{"start":{"line":20,"column":22},"end":{"line":27,"column":2}},"5":{"start":{"line":32,"column":20},"end":{"line":111,"column":1}},"6":{"start":{"line":34,"column":4},"end":{"line":42,"column":null}},"7":{"start":{"line":34,"column":111},"end":{"line":42,"column":6}},"8":{"start":{"line":35,"column":26},"end":{"line":35,"column":44}},"9":{"start":{"line":36,"column":8},"end":{"line":41,"column":null}},"10":{"start":{"line":37,"column":27},"end":{"line":37,"column":54}},"11":{"start":{"line":38,"column":12},"end":{"line":38,"column":null}},"12":{"start":{"line":40,"column":12},"end":{"line":40,"column":null}},"13":{"start":{"line":44,"column":4},"end":{"line":60,"column":null}},"14":{"start":{"line":44,"column":140},"end":{"line":60,"column":6}},"15":{"start":{"line":45,"column":26},"end":{"line":45,"column":44}},"16":{"start":{"line":46,"column":8},"end":{"line":59,"column":null}},"17":{"start":{"line":47,"column":29},"end":{"line":47,"column":52}},"18":{"start":{"line":48,"column":12},"end":{"line":50,"column":null}},"19":{"start":{"line":49,"column":16},"end":{"line":49,"column":null}},"20":{"start":{"line":51,"column":26},"end":{"line":51,"column":60}},"21":{"start":{"line":52,"column":12},"end":{"line":56,"column":null}},"22":{"start":{"line":53,"column":16},"end":{"line":53,"column":null}},"23":{"start":{"line":55,"column":16},"end":{"line":55,"column":null}},"24":{"start":{"line":58,"column":12},"end":{"line":58,"column":null}},"25":{"start":{"line":62,"column":4},"end":{"line":71,"column":null}},"26":{"start":{"line":62,"column":70},"end":{"line":71,"column":6}},"27":{"start":{"line":63,"column":26},"end":{"line":63,"column":44}},"28":{"start":{"line":64,"column":8},"end":{"line":70,"column":null}},"29":{"start":{"line":65,"column":30},"end":{"line":65,"column":42}},"30":{"start":{"line":66,"column":26},"end":{"line":66,"column":61}},"31":{"start":{"line":67,"column":12},"end":{"line":67,"column":null}},"32":{"start":{"line":69,"column":12},"end":{"line":69,"column":null}},"33":{"start":{"line":73,"column":4},"end":{"line":90,"column":null}},"34":{"start":{"line":73,"column":95},"end":{"line":90,"column":8}},"35":{"start":{"line":74,"column":26},"end":{"line":74,"column":44}},"36":{"start":{"line":75,"column":8},"end":{"line":89,"column":null}},"37":{"start":{"line":76,"column":28},"end":{"line":76,"column":40}},"38":{"start":{"line":77,"column":27},"end":{"line":77,"column":50}},"39":{"start":{"line":78,"column":10},"end":{"line":80,"column":null}},"40":{"start":{"line":79,"column":14},"end":{"line":79,"column":null}},"41":{"start":{"line":81,"column":24},"end":{"line":81,"column":72}},"42":{"start":{"line":82,"column":10},"end":{"line":86,"column":null}},"43":{"start":{"line":83,"column":14},"end":{"line":83,"column":null}},"44":{"start":{"line":85,"column":14},"end":{"line":85,"column":null}},"45":{"start":{"line":88,"column":10},"end":{"line":88,"column":null}},"46":{"start":{"line":92,"column":4},"end":{"line":108,"column":null}},"47":{"start":{"line":92,"column":84},"end":{"line":108,"column":6}},"48":{"start":{"line":93,"column":26},"end":{"line":93,"column":44}},"49":{"start":{"line":94,"column":8},"end":{"line":107,"column":null}},"50":{"start":{"line":95,"column":29},"end":{"line":95,"column":52}},"51":{"start":{"line":96,"column":12},"end":{"line":98,"column":null}},"52":{"start":{"line":97,"column":16},"end":{"line":97,"column":null}},"53":{"start":{"line":99,"column":26},"end":{"line":99,"column":63}},"54":{"start":{"line":100,"column":12},"end":{"line":104,"column":null}},"55":{"start":{"line":101,"column":16},"end":{"line":101,"column":null}},"56":{"start":{"line":103,"column":16},"end":{"line":103,"column":null}},"57":{"start":{"line":106,"column":12},"end":{"line":106,"column":null}},"58":{"start":{"line":110,"column":4},"end":{"line":110,"column":null}},"59":{"start":{"line":113,"column":9},"end":{"line":113,"column":20}}},"fnMap":{"0":{"name":"(anonymous_7)","decl":{"start":{"line":32,"column":20},"end":{"line":32,"column":21}},"loc":{"start":{"line":32,"column":108},"end":{"line":111,"column":1}}},"1":{"name":"(anonymous_8)","decl":{"start":{"line":34,"column":86},"end":{"line":34,"column":93}},"loc":{"start":{"line":34,"column":111},"end":{"line":42,"column":6}}},"2":{"name":"(anonymous_9)","decl":{"start":{"line":34,"column":111},"end":{"line":34,"column":null}},"loc":{"start":{"line":34,"column":111},"end":{"line":42,"column":5}}},"3":{"name":"(anonymous_10)","decl":{"start":{"line":44,"column":115},"end":{"line":44,"column":122}},"loc":{"start":{"line":44,"column":140},"end":{"line":60,"column":6}}},"4":{"name":"(anonymous_11)","decl":{"start":{"line":44,"column":140},"end":{"line":44,"column":null}},"loc":{"start":{"line":44,"column":140},"end":{"line":60,"column":5}}},"5":{"name":"(anonymous_12)","decl":{"start":{"line":62,"column":45},"end":{"line":62,"column":52}},"loc":{"start":{"line":62,"column":70},"end":{"line":71,"column":6}}},"6":{"name":"(anonymous_13)","decl":{"start":{"line":62,"column":70},"end":{"line":62,"column":null}},"loc":{"start":{"line":62,"column":70},"end":{"line":71,"column":5}}},"7":{"name":"(anonymous_14)","decl":{"start":{"line":73,"column":70},"end":{"line":73,"column":77}},"loc":{"start":{"line":73,"column":95},"end":{"line":90,"column":8}}},"8":{"name":"(anonymous_15)","decl":{"start":{"line":73,"column":95},"end":{"line":73,"column":null}},"loc":{"start":{"line":73,"column":95},"end":{"line":90,"column":7}}},"9":{"name":"(anonymous_16)","decl":{"start":{"line":92,"column":59},"end":{"line":92,"column":66}},"loc":{"start":{"line":92,"column":84},"end":{"line":108,"column":6}}},"10":{"name":"(anonymous_17)","decl":{"start":{"line":92,"column":84},"end":{"line":92,"column":null}},"loc":{"start":{"line":92,"column":84},"end":{"line":108,"column":5}}}},"branchMap":{"0":{"loc":{"start":{"line":48,"column":12},"end":{"line":50,"column":null}},"type":"if","locations":[{"start":{"line":48,"column":12},"end":{"line":50,"column":null}}]},"1":{"loc":{"start":{"line":52,"column":12},"end":{"line":56,"column":null}},"type":"if","locations":[{"start":{"line":52,"column":12},"end":{"line":56,"column":null}},{"start":{"line":54,"column":19},"end":{"line":56,"column":null}}]},"2":{"loc":{"start":{"line":78,"column":10},"end":{"line":80,"column":null}},"type":"if","locations":[{"start":{"line":78,"column":10},"end":{"line":80,"column":null}}]},"3":{"loc":{"start":{"line":82,"column":10},"end":{"line":86,"column":null}},"type":"if","locations":[{"start":{"line":82,"column":10},"end":{"line":86,"column":null}},{"start":{"line":84,"column":17},"end":{"line":86,"column":null}}]},"4":{"loc":{"start":{"line":96,"column":12},"end":{"line":98,"column":null}},"type":"if","locations":[{"start":{"line":96,"column":12},"end":{"line":98,"column":null}}]},"5":{"loc":{"start":{"line":100,"column":12},"end":{"line":104,"column":null}},"type":"if","locations":[{"start":{"line":100,"column":12},"end":{"line":104,"column":null}},{"start":{"line":102,"column":19},"end":{"line":104,"column":null}}]}},"s":{"0":6,"1":6,"2":6,"3":6,"4":6,"5":6,"6":6,"7":4,"8":4,"9":4,"10":4,"11":4,"12":0,"13":6,"14":3,"15":3,"16":3,"17":3,"18":3,"19":1,"20":2,"21":2,"22":1,"23":1,"24":0,"25":6,"26":8,"27":8,"28":8,"29":8,"30":8,"31":8,"32":0,"33":6,"34":3,"35":3,"36":3,"37":3,"38":3,"39":3,"40":1,"41":2,"42":2,"43":1,"44":1,"45":0,"46":6,"47":4,"48":4,"49":4,"50":4,"51":4,"52":1,"53":3,"54":3,"55":2,"56":1,"57":0,"58":6,"59":6},"f":{"0":6,"1":4,"2":4,"3":3,"4":3,"5":8,"6":8,"7":3,"8":3,"9":4,"10":4},"b":{"0":[1],"1":[1,1],"2":[1],"3":[1,1],"4":[1],"5":[2,1]}}
,"D:\\NHAS\\backend\\src\\routes\\grouprollcall.ts": {"path":"D:\\NHAS\\backend\\src\\routes\\grouprollcall.ts","statementMap":{"0":{"start":{"line":4,"column":0},"end":{"line":4,"column":68}},"1":{"start":{"line":5,"column":0},"end":{"line":5,"column":66}},"2":{"start":{"line":6,"column":0},"end":{"line":6,"column":50}},"3":{"start":{"line":7,"column":0},"end":{"line":7,"column":52}},"4":{"start":{"line":9,"column":0},"end":{"line":9,"column":32}},"5":{"start":{"line":10,"column":0},"end":{"line":10,"column":48}},"6":{"start":{"line":13,"column":31},"end":{"line":33,"column":2}},"7":{"start":{"line":35,"column":30},"end":{"line":53,"column":2}},"8":{"start":{"line":58,"column":28},"end":{"line":176,"column":1}},"9":{"start":{"line":60,"column":4},"end":{"line":69,"column":null}},"10":{"start":{"line":60,"column":127},"end":{"line":69,"column":6}},"11":{"start":{"line":61,"column":34},"end":{"line":61,"column":60}},"12":{"start":{"line":62,"column":8},"end":{"line":68,"column":null}},"13":{"start":{"line":63,"column":35},"end":{"line":63,"column":78}},"14":{"start":{"line":64,"column":12},"end":{"line":64,"column":null}},"15":{"start":{"line":65,"column":12},"end":{"line":65,"column":null}},"16":{"start":{"line":67,"column":12},"end":{"line":67,"column":null}},"17":{"start":{"line":71,"column":4},"end":{"line":87,"column":null}},"18":{"start":{"line":71,"column":150},"end":{"line":87,"column":6}},"19":{"start":{"line":72,"column":34},"end":{"line":72,"column":60}},"20":{"start":{"line":73,"column":8},"end":{"line":86,"column":null}},"21":{"start":{"line":74,"column":23},"end":{"line":74,"column":40}},"22":{"start":{"line":75,"column":12},"end":{"line":77,"column":null}},"23":{"start":{"line":76,"column":16},"end":{"line":76,"column":null}},"24":{"start":{"line":78,"column":34},"end":{"line":78,"column":78}},"25":{"start":{"line":79,"column":12},"end":{"line":83,"column":null}},"26":{"start":{"line":80,"column":16},"end":{"line":80,"column":null}},"27":{"start":{"line":82,"column":16},"end":{"line":82,"column":null}},"28":{"start":{"line":85,"column":12},"end":{"line":85,"column":null}},"29":{"start":{"line":89,"column":4},"end":{"line":125,"column":null}},"30":{"start":{"line":89,"column":195},"end":{"line":125,"column":6}},"31":{"start":{"line":90,"column":26},"end":{"line":90,"column":44}},"32":{"start":{"line":91,"column":27},"end":{"line":91,"column":46}},"33":{"start":{"line":92,"column":34},"end":{"line":92,"column":60}},"34":{"start":{"line":93,"column":35},"end":{"line":93,"column":62}},"35":{"start":{"line":94,"column":8},"end":{"line":124,"column":null}},"36":{"start":{"line":95,"column":29},"end":{"line":95,"column":52}},"37":{"start":{"line":96,"column":30},"end":{"line":96,"column":54}},"38":{"start":{"line":97,"column":25},"end":{"line":97,"column":44}},"39":{"start":{"line":99,"column":12},"end":{"line":101,"column":null}},"40":{"start":{"line":100,"column":16},"end":{"line":100,"column":null}},"41":{"start":{"line":103,"column":30},"end":{"line":103,"column":64}},"42":{"start":{"line":104,"column":31},"end":{"line":104,"column":68}},"43":{"start":{"line":106,"column":12},"end":{"line":108,"column":null}},"44":{"start":{"line":107,"column":16},"end":{"line":107,"column":null}},"45":{"start":{"line":110,"column":30},"end":{"line":110,"column":49}},"46":{"start":{"line":111,"column":31},"end":{"line":111,"column":52}},"47":{"start":{"line":113,"column":35},"end":{"line":113,"column":113}},"48":{"start":{"line":114,"column":12},"end":{"line":120,"column":null}},"49":{"start":{"line":115,"column":16},"end":{"line":119,"column":null}},"50":{"start":{"line":115,"column":29},"end":{"line":115,"column":30}},"51":{"start":{"line":116,"column":38},"end":{"line":116,"column":65}},"52":{"start":{"line":117,"column":36},"end":{"line":117,"column":127}},"53":{"start":{"line":118,"column":20},"end":{"line":118,"column":null}},"54":{"start":{"line":121,"column":12},"end":{"line":121,"column":null}},"55":{"start":{"line":123,"column":12},"end":{"line":123,"column":null}},"56":{"start":{"line":127,"column":4},"end":{"line":136,"column":null}},"57":{"start":{"line":127,"column":86},"end":{"line":136,"column":6}},"58":{"start":{"line":128,"column":34},"end":{"line":128,"column":60}},"59":{"start":{"line":129,"column":8},"end":{"line":135,"column":null}},"60":{"start":{"line":130,"column":38},"end":{"line":130,"column":50}},"61":{"start":{"line":131,"column":34},"end":{"line":131,"column":93}},"62":{"start":{"line":132,"column":12},"end":{"line":132,"column":null}},"63":{"start":{"line":134,"column":12},"end":{"line":134,"column":null}},"64":{"start":{"line":138,"column":4},"end":{"line":155,"column":null}},"65":{"start":{"line":138,"column":105},"end":{"line":155,"column":8}},"66":{"start":{"line":139,"column":34},"end":{"line":139,"column":60}},"67":{"start":{"line":140,"column":8},"end":{"line":154,"column":null}},"68":{"start":{"line":141,"column":36},"end":{"line":141,"column":48}},"69":{"start":{"line":142,"column":21},"end":{"line":142,"column":38}},"70":{"start":{"line":143,"column":10},"end":{"line":145,"column":null}},"71":{"start":{"line":144,"column":14},"end":{"line":144,"column":null}},"72":{"start":{"line":146,"column":32},"end":{"line":146,"column":98}},"73":{"start":{"line":147,"column":10},"end":{"line":151,"column":null}},"74":{"start":{"line":148,"column":14},"end":{"line":148,"column":null}},"75":{"start":{"line":150,"column":14},"end":{"line":150,"column":null}},"76":{"start":{"line":153,"column":10},"end":{"line":153,"column":null}},"77":{"start":{"line":157,"column":4},"end":{"line":173,"column":null}},"78":{"start":{"line":157,"column":86},"end":{"line":173,"column":6}},"79":{"start":{"line":158,"column":34},"end":{"line":158,"column":60}},"80":{"start":{"line":159,"column":8},"end":{"line":172,"column":null}},"81":{"start":{"line":160,"column":23},"end":{"line":160,"column":40}},"82":{"start":{"line":161,"column":12},"end":{"line":163,"column":null}},"83":{"start":{"line":162,"column":16},"end":{"line":162,"column":null}},"84":{"start":{"line":164,"column":34},"end":{"line":164,"column":81}},"85":{"start":{"line":165,"column":12},"end":{"line":169,"column":null}},"86":{"start":{"line":166,"column":16},"end":{"line":166,"column":null}},"87":{"start":{"line":168,"column":16},"end":{"line":168,"column":null}},"88":{"start":{"line":171,"column":12},"end":{"line":171,"column":null}},"89":{"start":{"line":175,"column":4},"end":{"line":175,"column":null}},"90":{"start":{"line":178,"column":9},"end":{"line":178,"column":28}}},"fnMap":{"0":{"name":"(anonymous_7)","decl":{"start":{"line":58,"column":28},"end":{"line":58,"column":29}},"loc":{"start":{"line":58,"column":116},"end":{"line":176,"column":1}}},"1":{"name":"(anonymous_8)","decl":{"start":{"line":60,"column":102},"end":{"line":60,"column":109}},"loc":{"start":{"line":60,"column":127},"end":{"line":69,"column":6}}},"2":{"name":"(anonymous_9)","decl":{"start":{"line":60,"column":127},"end":{"line":60,"column":null}},"loc":{"start":{"line":60,"column":127},"end":{"line":69,"column":5}}},"3":{"name":"(anonymous_10)","decl":{"start":{"line":71,"column":125},"end":{"line":71,"column":132}},"loc":{"start":{"line":71,"column":150},"end":{"line":87,"column":6}}},"4":{"name":"(anonymous_11)","decl":{"start":{"line":71,"column":150},"end":{"line":71,"column":null}},"loc":{"start":{"line":71,"column":150},"end":{"line":87,"column":5}}},"5":{"name":"(anonymous_12)","decl":{"start":{"line":89,"column":170},"end":{"line":89,"column":177}},"loc":{"start":{"line":89,"column":195},"end":{"line":125,"column":6}}},"6":{"name":"(anonymous_13)","decl":{"start":{"line":89,"column":195},"end":{"line":89,"column":null}},"loc":{"start":{"line":89,"column":195},"end":{"line":125,"column":5}}},"7":{"name":"(anonymous_14)","decl":{"start":{"line":127,"column":61},"end":{"line":127,"column":68}},"loc":{"start":{"line":127,"column":86},"end":{"line":136,"column":6}}},"8":{"name":"(anonymous_15)","decl":{"start":{"line":127,"column":86},"end":{"line":127,"column":null}},"loc":{"start":{"line":127,"column":86},"end":{"line":136,"column":5}}},"9":{"name":"(anonymous_16)","decl":{"start":{"line":138,"column":80},"end":{"line":138,"column":87}},"loc":{"start":{"line":138,"column":105},"end":{"line":155,"column":8}}},"10":{"name":"(anonymous_17)","decl":{"start":{"line":138,"column":105},"end":{"line":138,"column":null}},"loc":{"start":{"line":138,"column":105},"end":{"line":155,"column":7}}},"11":{"name":"(anonymous_18)","decl":{"start":{"line":157,"column":61},"end":{"line":157,"column":68}},"loc":{"start":{"line":157,"column":86},"end":{"line":173,"column":6}}},"12":{"name":"(anonymous_19)","decl":{"start":{"line":157,"column":86},"end":{"line":157,"column":null}},"loc":{"start":{"line":157,"column":86},"end":{"line":173,"column":5}}}},"branchMap":{"0":{"loc":{"start":{"line":75,"column":12},"end":{"line":77,"column":null}},"type":"if","locations":[{"start":{"line":75,"column":12},"end":{"line":77,"column":null}}]},"1":{"loc":{"start":{"line":79,"column":12},"end":{"line":83,"column":null}},"type":"if","locations":[{"start":{"line":79,"column":12},"end":{"line":83,"column":null}},{"start":{"line":81,"column":19},"end":{"line":83,"column":null}}]},"2":{"loc":{"start":{"line":99,"column":12},"end":{"line":101,"column":null}},"type":"if","locations":[{"start":{"line":99,"column":12},"end":{"line":101,"column":null}}]},"3":{"loc":{"start":{"line":99,"column":18},"end":{"line":99,"column":87}},"type":"binary-expr","locations":[{"start":{"line":99,"column":18},"end":{"line":99,"column":50}},{"start":{"line":99,"column":54},"end":{"line":99,"column":87}}]},"4":{"loc":{"start":{"line":106,"column":12},"end":{"line":108,"column":null}},"type":"if","locations":[{"start":{"line":106,"column":12},"end":{"line":108,"column":null}}]},"5":{"loc":{"start":{"line":106,"column":18},"end":{"line":106,"column":41}},"type":"binary-expr","locations":[{"start":{"line":106,"column":18},"end":{"line":106,"column":27}},{"start":{"line":106,"column":31},"end":{"line":106,"column":41}}]},"6":{"loc":{"start":{"line":114,"column":12},"end":{"line":120,"column":null}},"type":"if","locations":[{"start":{"line":114,"column":12},"end":{"line":120,"column":null}}]},"7":{"loc":{"start":{"line":143,"column":10},"end":{"line":145,"column":null}},"type":"if","locations":[{"start":{"line":143,"column":10},"end":{"line":145,"column":null}}]},"8":{"loc":{"start":{"line":147,"column":10},"end":{"line":151,"column":null}},"type":"if","locations":[{"start":{"line":147,"column":10},"end":{"line":151,"column":null}},{"start":{"line":149,"column":17},"end":{"line":151,"column":null}}]},"9":{"loc":{"start":{"line":161,"column":12},"end":{"line":163,"column":null}},"type":"if","locations":[{"start":{"line":161,"column":12},"end":{"line":163,"column":null}}]},"10":{"loc":{"start":{"line":165,"column":12},"end":{"line":169,"column":null}},"type":"if","locations":[{"start":{"line":165,"column":12},"end":{"line":169,"column":null}},{"start":{"line":167,"column":19},"end":{"line":169,"column":null}}]}},"s":{"0":6,"1":6,"2":6,"3":6,"4":6,"5":6,"6":6,"7":6,"8":6,"9":6,"10":4,"11":4,"12":4,"13":4,"14":4,"15":4,"16":0,"17":6,"18":3,"19":3,"20":3,"21":3,"22":3,"23":1,"24":2,"25":2,"26":1,"27":1,"28":0,"29":6,"30":3,"31":3,"32":3,"33":3,"34":3,"35":3,"36":3,"37":3,"38":3,"39":3,"40":1,"41":2,"42":2,"43":2,"44":1,"45":1,"46":1,"47":1,"48":1,"49":1,"50":1,"51":1,"52":1,"53":1,"54":1,"55":0,"56":6,"57":8,"58":8,"59":8,"60":8,"61":8,"62":8,"63":0,"64":6,"65":3,"66":3,"67":3,"68":3,"69":3,"70":3,"71":1,"72":2,"73":2,"74":1,"75":1,"76":0,"77":6,"78":4,"79":4,"80":4,"81":4,"82":4,"83":1,"84":3,"85":3,"86":2,"87":1,"88":0,"89":6,"90":6},"f":{"0":6,"1":4,"2":4,"3":3,"4":3,"5":3,"6":3,"7":8,"8":8,"9":3,"10":3,"11":4,"12":4},"b":{"0":[1],"1":[1,1],"2":[1],"3":[3,2],"4":[1],"5":[2,1],"6":[1],"7":[1],"8":[1,1],"9":[1],"10":[2,1]}}
,"D:\\NHAS\\backend\\src\\routes\\memberrollcall.ts": {"path":"D:\\NHAS\\backend\\src\\routes\\memberrollcall.ts","statementMap":{"0":{"start":{"line":4,"column":0},"end":{"line":4,"column":50}},"1":{"start":{"line":5,"column":0},"end":{"line":5,"column":52}},"2":{"start":{"line":6,"column":0},"end":{"line":6,"column":50}},"3":{"start":{"line":7,"column":0},"end":{"line":7,"column":68}},"4":{"start":{"line":9,"column":0},"end":{"line":9,"column":32}},"5":{"start":{"line":10,"column":0},"end":{"line":10,"column":48}},"6":{"start":{"line":12,"column":32},"end":{"line":26,"column":2}},"7":{"start":{"line":28,"column":31},"end":{"line":40,"column":2}},"8":{"start":{"line":45,"column":29},"end":{"line":158,"column":1}},"9":{"start":{"line":47,"column":4},"end":{"line":55,"column":null}},"10":{"start":{"line":47,"column":129},"end":{"line":55,"column":6}},"11":{"start":{"line":48,"column":35},"end":{"line":48,"column":62}},"12":{"start":{"line":49,"column":8},"end":{"line":54,"column":null}},"13":{"start":{"line":50,"column":36},"end":{"line":50,"column":81}},"14":{"start":{"line":51,"column":12},"end":{"line":51,"column":null}},"15":{"start":{"line":53,"column":12},"end":{"line":53,"column":null}},"16":{"start":{"line":57,"column":4},"end":{"line":73,"column":null}},"17":{"start":{"line":57,"column":152},"end":{"line":73,"column":6}},"18":{"start":{"line":58,"column":35},"end":{"line":58,"column":62}},"19":{"start":{"line":59,"column":8},"end":{"line":72,"column":null}},"20":{"start":{"line":60,"column":23},"end":{"line":60,"column":40}},"21":{"start":{"line":61,"column":12},"end":{"line":63,"column":null}},"22":{"start":{"line":62,"column":16},"end":{"line":62,"column":null}},"23":{"start":{"line":64,"column":35},"end":{"line":64,"column":81}},"24":{"start":{"line":65,"column":12},"end":{"line":69,"column":null}},"25":{"start":{"line":66,"column":16},"end":{"line":66,"column":null}},"26":{"start":{"line":68,"column":16},"end":{"line":68,"column":null}},"27":{"start":{"line":71,"column":12},"end":{"line":71,"column":null}},"28":{"start":{"line":75,"column":4},"end":{"line":107,"column":null}},"29":{"start":{"line":75,"column":214},"end":{"line":107,"column":6}},"30":{"start":{"line":76,"column":26},"end":{"line":76,"column":44}},"31":{"start":{"line":77,"column":27},"end":{"line":77,"column":46}},"32":{"start":{"line":78,"column":26},"end":{"line":78,"column":44}},"33":{"start":{"line":79,"column":35},"end":{"line":79,"column":62}},"34":{"start":{"line":80,"column":8},"end":{"line":106,"column":null}},"35":{"start":{"line":81,"column":29},"end":{"line":81,"column":52}},"36":{"start":{"line":82,"column":25},"end":{"line":82,"column":44}},"37":{"start":{"line":83,"column":30},"end":{"line":83,"column":54}},"38":{"start":{"line":84,"column":29},"end":{"line":84,"column":52}},"39":{"start":{"line":86,"column":12},"end":{"line":88,"column":null}},"40":{"start":{"line":87,"column":16},"end":{"line":87,"column":null}},"41":{"start":{"line":90,"column":30},"end":{"line":90,"column":64}},"42":{"start":{"line":91,"column":31},"end":{"line":91,"column":68}},"43":{"start":{"line":92,"column":30},"end":{"line":92,"column":64}},"44":{"start":{"line":94,"column":12},"end":{"line":96,"column":null}},"45":{"start":{"line":95,"column":16},"end":{"line":95,"column":null}},"46":{"start":{"line":98,"column":30},"end":{"line":98,"column":49}},"47":{"start":{"line":99,"column":31},"end":{"line":99,"column":52}},"48":{"start":{"line":100,"column":30},"end":{"line":100,"column":49}},"49":{"start":{"line":101,"column":36},"end":{"line":101,"column":127}},"50":{"start":{"line":103,"column":12},"end":{"line":103,"column":null}},"51":{"start":{"line":105,"column":12},"end":{"line":105,"column":null}},"52":{"start":{"line":109,"column":4},"end":{"line":118,"column":null}},"53":{"start":{"line":109,"column":88},"end":{"line":118,"column":6}},"54":{"start":{"line":110,"column":35},"end":{"line":110,"column":62}},"55":{"start":{"line":111,"column":8},"end":{"line":117,"column":null}},"56":{"start":{"line":112,"column":39},"end":{"line":112,"column":51}},"57":{"start":{"line":113,"column":35},"end":{"line":113,"column":97}},"58":{"start":{"line":114,"column":12},"end":{"line":114,"column":null}},"59":{"start":{"line":116,"column":12},"end":{"line":116,"column":null}},"60":{"start":{"line":120,"column":4},"end":{"line":137,"column":null}},"61":{"start":{"line":120,"column":107},"end":{"line":137,"column":8}},"62":{"start":{"line":121,"column":35},"end":{"line":121,"column":62}},"63":{"start":{"line":122,"column":8},"end":{"line":136,"column":null}},"64":{"start":{"line":123,"column":37},"end":{"line":123,"column":49}},"65":{"start":{"line":124,"column":21},"end":{"line":124,"column":38}},"66":{"start":{"line":125,"column":10},"end":{"line":127,"column":null}},"67":{"start":{"line":126,"column":14},"end":{"line":126,"column":null}},"68":{"start":{"line":128,"column":33},"end":{"line":128,"column":102}},"69":{"start":{"line":129,"column":10},"end":{"line":133,"column":null}},"70":{"start":{"line":130,"column":14},"end":{"line":130,"column":null}},"71":{"start":{"line":132,"column":14},"end":{"line":132,"column":null}},"72":{"start":{"line":135,"column":10},"end":{"line":135,"column":null}},"73":{"start":{"line":139,"column":4},"end":{"line":155,"column":null}},"74":{"start":{"line":139,"column":87},"end":{"line":155,"column":6}},"75":{"start":{"line":140,"column":35},"end":{"line":140,"column":62}},"76":{"start":{"line":141,"column":8},"end":{"line":154,"column":null}},"77":{"start":{"line":142,"column":23},"end":{"line":142,"column":40}},"78":{"start":{"line":143,"column":12},"end":{"line":145,"column":null}},"79":{"start":{"line":144,"column":16},"end":{"line":144,"column":null}},"80":{"start":{"line":146,"column":35},"end":{"line":146,"column":84}},"81":{"start":{"line":147,"column":12},"end":{"line":151,"column":null}},"82":{"start":{"line":148,"column":16},"end":{"line":148,"column":null}},"83":{"start":{"line":150,"column":16},"end":{"line":150,"column":null}},"84":{"start":{"line":153,"column":12},"end":{"line":153,"column":null}},"85":{"start":{"line":157,"column":4},"end":{"line":157,"column":null}},"86":{"start":{"line":160,"column":9},"end":{"line":160,"column":29}}},"fnMap":{"0":{"name":"(anonymous_7)","decl":{"start":{"line":45,"column":29},"end":{"line":45,"column":30}},"loc":{"start":{"line":45,"column":117},"end":{"line":158,"column":1}}},"1":{"name":"(anonymous_8)","decl":{"start":{"line":47,"column":104},"end":{"line":47,"column":111}},"loc":{"start":{"line":47,"column":129},"end":{"line":55,"column":6}}},"2":{"name":"(anonymous_9)","decl":{"start":{"line":47,"column":129},"end":{"line":47,"column":null}},"loc":{"start":{"line":47,"column":129},"end":{"line":55,"column":5}}},"3":{"name":"(anonymous_10)","decl":{"start":{"line":57,"column":127},"end":{"line":57,"column":134}},"loc":{"start":{"line":57,"column":152},"end":{"line":73,"column":6}}},"4":{"name":"(anonymous_11)","decl":{"start":{"line":57,"column":152},"end":{"line":57,"column":null}},"loc":{"start":{"line":57,"column":152},"end":{"line":73,"column":5}}},"5":{"name":"(anonymous_12)","decl":{"start":{"line":75,"column":189},"end":{"line":75,"column":196}},"loc":{"start":{"line":75,"column":214},"end":{"line":107,"column":6}}},"6":{"name":"(anonymous_13)","decl":{"start":{"line":75,"column":214},"end":{"line":75,"column":null}},"loc":{"start":{"line":75,"column":214},"end":{"line":107,"column":5}}},"7":{"name":"(anonymous_14)","decl":{"start":{"line":109,"column":63},"end":{"line":109,"column":70}},"loc":{"start":{"line":109,"column":88},"end":{"line":118,"column":6}}},"8":{"name":"(anonymous_15)","decl":{"start":{"line":109,"column":88},"end":{"line":109,"column":null}},"loc":{"start":{"line":109,"column":88},"end":{"line":118,"column":5}}},"9":{"name":"(anonymous_16)","decl":{"start":{"line":120,"column":82},"end":{"line":120,"column":89}},"loc":{"start":{"line":120,"column":107},"end":{"line":137,"column":8}}},"10":{"name":"(anonymous_17)","decl":{"start":{"line":120,"column":107},"end":{"line":120,"column":null}},"loc":{"start":{"line":120,"column":107},"end":{"line":137,"column":7}}},"11":{"name":"(anonymous_18)","decl":{"start":{"line":139,"column":62},"end":{"line":139,"column":69}},"loc":{"start":{"line":139,"column":87},"end":{"line":155,"column":6}}},"12":{"name":"(anonymous_19)","decl":{"start":{"line":139,"column":87},"end":{"line":139,"column":null}},"loc":{"start":{"line":139,"column":87},"end":{"line":155,"column":5}}}},"branchMap":{"0":{"loc":{"start":{"line":61,"column":12},"end":{"line":63,"column":null}},"type":"if","locations":[{"start":{"line":61,"column":12},"end":{"line":63,"column":null}}]},"1":{"loc":{"start":{"line":65,"column":12},"end":{"line":69,"column":null}},"type":"if","locations":[{"start":{"line":65,"column":12},"end":{"line":69,"column":null}},{"start":{"line":67,"column":19},"end":{"line":69,"column":null}}]},"2":{"loc":{"start":{"line":86,"column":12},"end":{"line":88,"column":null}},"type":"if","locations":[{"start":{"line":86,"column":12},"end":{"line":88,"column":null}}]},"3":{"loc":{"start":{"line":86,"column":18},"end":{"line":86,"column":123}},"type":"binary-expr","locations":[{"start":{"line":86,"column":18},"end":{"line":86,"column":50}},{"start":{"line":86,"column":54},"end":{"line":86,"column":87}},{"start":{"line":86,"column":91},"end":{"line":86,"column":123}}]},"4":{"loc":{"start":{"line":94,"column":12},"end":{"line":96,"column":null}},"type":"if","locations":[{"start":{"line":94,"column":12},"end":{"line":96,"column":null}}]},"5":{"loc":{"start":{"line":94,"column":18},"end":{"line":94,"column":54}},"type":"binary-expr","locations":[{"start":{"line":94,"column":18},"end":{"line":94,"column":27}},{"start":{"line":94,"column":31},"end":{"line":94,"column":41}},{"start":{"line":94,"column":45},"end":{"line":94,"column":54}}]},"6":{"loc":{"start":{"line":125,"column":10},"end":{"line":127,"column":null}},"type":"if","locations":[{"start":{"line":125,"column":10},"end":{"line":127,"column":null}}]},"7":{"loc":{"start":{"line":129,"column":10},"end":{"line":133,"column":null}},"type":"if","locations":[{"start":{"line":129,"column":10},"end":{"line":133,"column":null}},{"start":{"line":131,"column":17},"end":{"line":133,"column":null}}]},"8":{"loc":{"start":{"line":143,"column":12},"end":{"line":145,"column":null}},"type":"if","locations":[{"start":{"line":143,"column":12},"end":{"line":145,"column":null}}]},"9":{"loc":{"start":{"line":147,"column":12},"end":{"line":151,"column":null}},"type":"if","locations":[{"start":{"line":147,"column":12},"end":{"line":151,"column":null}},{"start":{"line":149,"column":19},"end":{"line":151,"column":null}}]}},"s":{"0":6,"1":6,"2":6,"3":6,"4":6,"5":6,"6":6,"7":6,"8":6,"9":6,"10":4,"11":4,"12":4,"13":4,"14":4,"15":0,"16":6,"17":3,"18":3,"19":3,"20":3,"21":3,"22":1,"23":2,"24":2,"25":1,"26":1,"27":0,"28":6,"29":3,"30":3,"31":3,"32":3,"33":3,"34":3,"35":3,"36":3,"37":3,"38":3,"39":3,"40":1,"41":2,"42":2,"43":2,"44":2,"45":1,"46":1,"47":1,"48":1,"49":1,"50":1,"51":0,"52":6,"53":7,"54":7,"55":7,"56":7,"57":7,"58":7,"59":0,"60":6,"61":3,"62":3,"63":3,"64":3,"65":3,"66":3,"67":1,"68":2,"69":2,"70":1,"71":1,"72":0,"73":6,"74":4,"75":4,"76":4,"77":4,"78":4,"79":1,"80":3,"81":3,"82":2,"83":1,"84":0,"85":6,"86":6},"f":{"0":6,"1":4,"2":4,"3":3,"4":3,"5":3,"6":3,"7":7,"8":7,"9":3,"10":3,"11":4,"12":4},"b":{"0":[1],"1":[1,1],"2":[1],"3":[3,2,2],"4":[1],"5":[2,1,1],"6":[1],"7":[1,1],"8":[1],"9":[2,1]}}
,"D:\\NHAS\\backend\\src\\test\\db.ts": {"path":"D:\\NHAS\\backend\\src\\test\\db.ts","statementMap":{"0":{"start":{"line":1,"column":0},"end":{"line":1,"column":31}},"1":{"start":{"line":2,"column":0},"end":{"line":2,"column":57}},"2":{"start":{"line":4,"column":15},"end":{"line":4,"column":38}},"3":{"start":{"line":9,"column":23},"end":{"line":13,"column":null}},"4":{"start":{"line":9,"column":49},"end":{"line":13,"column":null}},"5":{"start":{"line":10,"column":4},"end":{"line":10,"column":null}},"6":{"start":{"line":11,"column":16},"end":{"line":11,"column":31}},"7":{"start":{"line":12,"column":4},"end":{"line":12,"column":null}},"8":{"start":{"line":9,"column":13},"end":{"line":9,"column":23}},"9":{"start":{"line":18,"column":50},"end":{"line":22,"column":null}},"10":{"start":{"line":18,"column":61},"end":{"line":22,"column":null}},"11":{"start":{"line":19,"column":4},"end":{"line":19,"column":null}},"12":{"start":{"line":20,"column":4},"end":{"line":20,"column":null}},"13":{"start":{"line":21,"column":4},"end":{"line":21,"column":null}},"14":{"start":{"line":18,"column":13},"end":{"line":18,"column":50}},"15":{"start":{"line":27,"column":50},"end":{"line":34,"column":null}},"16":{"start":{"line":27,"column":61},"end":{"line":34,"column":null}},"17":{"start":{"line":28,"column":24},"end":{"line":28,"column":55}},"18":{"start":{"line":30,"column":4},"end":{"line":33,"column":null}},"19":{"start":{"line":31,"column":27},"end":{"line":31,"column":43}},"20":{"start":{"line":32,"column":8},"end":{"line":32,"column":null}},"21":{"start":{"line":27,"column":13},"end":{"line":27,"column":50}}},"fnMap":{"0":{"name":"(anonymous_8)","decl":{"start":{"line":9,"column":23},"end":{"line":9,"column":47}},"loc":{"start":{"line":9,"column":49},"end":{"line":13,"column":null}}},"1":{"name":"(anonymous_9)","decl":{"start":{"line":9,"column":49},"end":{"line":9,"column":null}},"loc":{"start":{"line":9,"column":49},"end":{"line":13,"column":1}}},"2":{"name":"(anonymous_10)","decl":{"start":{"line":18,"column":50},"end":{"line":18,"column":59}},"loc":{"start":{"line":18,"column":61},"end":{"line":22,"column":null}}},"3":{"name":"(anonymous_11)","decl":{"start":{"line":18,"column":61},"end":{"line":18,"column":null}},"loc":{"start":{"line":18,"column":61},"end":{"line":22,"column":1}}},"4":{"name":"(anonymous_12)","decl":{"start":{"line":27,"column":50},"end":{"line":27,"column":59}},"loc":{"start":{"line":27,"column":61},"end":{"line":34,"column":null}}},"5":{"name":"(anonymous_13)","decl":{"start":{"line":27,"column":61},"end":{"line":27,"column":null}},"loc":{"start":{"line":27,"column":61},"end":{"line":34,"column":1}}}},"branchMap":{},"s":{"0":6,"1":6,"2":6,"3":6,"4":6,"5":6,"6":6,"7":6,"8":6,"9":6,"10":6,"11":6,"12":6,"13":6,"14":6,"15":6,"16":30,"17":30,"18":30,"19":150,"20":150,"21":6},"f":{"0":6,"1":6,"2":6,"3":6,"4":30,"5":30},"b":{}}
}
