TN:
SF:src\server.ts
FN:14,(anonymous_8)
FN:16,(anonymous_9)
FN:23,(anonymous_10)
FN:23,(anonymous_11)
FNF:4
FNH:4
FNDA:6,(anonymous_8)
FNDA:6,(anonymous_9)
FNDA:1,(anonymous_10)
FNDA:1,(anonymous_11)
DA:1,6
DA:3,6
DA:4,6
DA:5,6
DA:6,6
DA:7,6
DA:8,6
DA:10,6
DA:14,6
DA:16,6
DA:17,6
DA:18,6
DA:20,6
DA:23,6
DA:24,1
DA:27,6
DA:28,6
DA:29,6
DA:30,6
DA:31,6
DA:33,6
DA:36,6
LF:22
LH:22
BRDA:17,0,0,6
BRF:1
BRH:1
end_of_record
TN:
SF:src\models\class.ts
FNF:0
FNH:0
DA:1,6
DA:4,6
DA:15,6
DA:20,6
LF:4
LH:4
BRF:0
BRH:0
end_of_record
TN:
SF:src\models\course.ts
FNF:0
FNH:0
DA:1,6
DA:4,6
DA:33,6
DA:38,6
LF:4
LH:4
BRF:0
BRH:0
end_of_record
TN:
SF:src\models\group.ts
FNF:0
FNH:0
DA:1,6
DA:4,6
DA:21,6
DA:26,6
LF:4
LH:4
BRF:0
BRH:0
end_of_record
TN:
SF:src\models\grouprollcall.ts
FNF:0
FNH:0
DA:1,6
DA:4,6
DA:30,6
DA:35,6
LF:4
LH:4
BRF:0
BRH:0
end_of_record
TN:
SF:src\models\memberrollcall.ts
FNF:0
FNH:0
DA:1,6
DA:4,6
DA:36,6
DA:41,6
LF:4
LH:4
BRF:0
BRH:0
end_of_record
TN:
SF:src\plugins\mongoose.ts
FN:7,(anonymous_1)
FN:11,(anonymous_2)
FNF:2
FNH:1
FNDA:6,(anonymous_1)
FNDA:0,(anonymous_2)
DA:1,6
DA:3,6
DA:4,6
DA:5,6
DA:7,6
DA:8,6
DA:9,0
DA:12,0
DA:13,0
DA:19,6
LF:10
LH:7
BRDA:3,0,0,6
BRDA:3,0,1,6
BRDA:4,1,0,6
BRDA:4,1,1,6
BRDA:5,2,0,6
BRDA:5,2,1,6
BRDA:8,3,0,0
BRDA:8,4,0,6
BRDA:8,4,1,0
BRDA:12,5,0,0
BRDA:12,5,1,0
BRF:11
BRH:7
end_of_record
TN:
SF:src\repo\class-repo.ts
FN:5,(anonymous_8)
FN:7,(anonymous_9)
FN:11,(anonymous_10)
FN:15,(anonymous_12)
FN:19,(anonymous_14)
FN:23,(anonymous_16)
FN:27,(anonymous_18)
FNF:7
FNH:7
FNDA:36,(anonymous_8)
FNDA:36,(anonymous_9)
FNDA:4,(anonymous_10)
FNDA:10,(anonymous_12)
FNDA:2,(anonymous_14)
FNDA:3,(anonymous_16)
FNDA:10,(anonymous_18)
DA:2,6
DA:8,36
DA:12,4
DA:16,10
DA:20,2
DA:24,3
DA:28,10
DA:33,6
LF:8
LH:8
BRF:0
BRH:0
end_of_record
TN:
SF:src\repo\course-repo.ts
FN:5,(anonymous_8)
FN:7,(anonymous_9)
FN:11,(anonymous_10)
FN:15,(anonymous_12)
FN:19,(anonymous_14)
FN:23,(anonymous_16)
FN:27,(anonymous_18)
FN:31,(anonymous_20)
FN:37,(anonymous_22)
FNF:9
FNH:9
FNDA:35,(anonymous_8)
FNDA:35,(anonymous_9)
FNDA:4,(anonymous_10)
FNDA:9,(anonymous_12)
FNDA:2,(anonymous_14)
FNDA:3,(anonymous_16)
FNDA:6,(anonymous_18)
FNDA:1,(anonymous_20)
FNDA:1,(anonymous_22)
DA:2,6
DA:8,35
DA:12,4
DA:16,9
DA:20,2
DA:24,3
DA:28,6
DA:32,1
DA:38,1
DA:46,6
LF:10
LH:10
BRF:0
BRH:0
end_of_record
TN:
SF:src\repo\group-repo.ts
FN:5,(anonymous_8)
FN:7,(anonymous_9)
FN:11,(anonymous_10)
FN:15,(anonymous_12)
FN:19,(anonymous_14)
FN:23,(anonymous_16)
FN:27,(anonymous_18)
FNF:7
FNH:7
FNDA:25,(anonymous_8)
FNDA:25,(anonymous_9)
FNDA:4,(anonymous_10)
FNDA:8,(anonymous_12)
FNDA:2,(anonymous_14)
FNDA:3,(anonymous_16)
FNDA:4,(anonymous_18)
DA:2,6
DA:8,25
DA:12,4
DA:16,8
DA:20,2
DA:24,3
DA:28,4
DA:33,6
LF:8
LH:8
BRF:0
BRH:0
end_of_record
TN:
SF:src\repo\grouprollcall-repo.ts
FN:5,(anonymous_8)
FN:7,(anonymous_9)
FN:11,(anonymous_10)
FN:15,(anonymous_12)
FN:19,(anonymous_14)
FN:23,(anonymous_16)
FN:27,(anonymous_18)
FN:31,(anonymous_20)
FNF:8
FNH:8
FNDA:31,(anonymous_8)
FNDA:31,(anonymous_9)
FNDA:4,(anonymous_10)
FNDA:8,(anonymous_12)
FNDA:2,(anonymous_14)
FNDA:3,(anonymous_16)
FNDA:2,(anonymous_18)
FNDA:3,(anonymous_20)
DA:2,6
DA:8,31
DA:12,4
DA:16,8
DA:20,2
DA:24,3
DA:28,2
DA:32,3
DA:41,6
LF:9
LH:9
BRF:0
BRH:0
end_of_record
TN:
SF:src\repo\memberrollcall-repo.ts
FN:5,(anonymous_8)
FN:7,(anonymous_9)
FN:11,(anonymous_10)
FN:15,(anonymous_12)
FN:19,(anonymous_14)
FN:23,(anonymous_16)
FN:27,(anonymous_18)
FN:31,(anonymous_20)
FNF:8
FNH:8
FNDA:33,(anonymous_8)
FNDA:33,(anonymous_9)
FNDA:4,(anonymous_10)
FNDA:7,(anonymous_12)
FNDA:2,(anonymous_14)
FNDA:3,(anonymous_16)
FNDA:2,(anonymous_18)
FNDA:4,(anonymous_20)
DA:2,6
DA:8,33
DA:12,4
DA:16,7
DA:20,2
DA:24,3
DA:28,2
DA:32,4
DA:42,6
LF:9
LH:9
BRF:0
BRH:0
end_of_record
TN:
SF:src\routes\class.ts
FN:28,(anonymous_7)
FN:30,(anonymous_8)
FN:30,(anonymous_9)
FN:40,(anonymous_10)
FN:40,(anonymous_11)
FN:58,(anonymous_12)
FN:58,(anonymous_13)
FN:69,(anonymous_14)
FN:69,(anonymous_15)
FN:88,(anonymous_16)
FN:88,(anonymous_17)
FNF:11
FNH:11
FNDA:6,(anonymous_7)
FNDA:4,(anonymous_8)
FNDA:4,(anonymous_9)
FNDA:3,(anonymous_10)
FNDA:3,(anonymous_11)
FNDA:10,(anonymous_12)
FNDA:10,(anonymous_13)
FNDA:3,(anonymous_14)
FNDA:3,(anonymous_15)
FNDA:4,(anonymous_16)
FNDA:4,(anonymous_17)
DA:4,6
DA:6,6
DA:7,6
DA:9,6
DA:18,6
DA:28,6
DA:30,6
DA:31,4
DA:32,4
DA:33,4
DA:34,4
DA:36,0
DA:40,6
DA:41,3
DA:42,3
DA:43,3
DA:44,3
DA:45,1
DA:47,2
DA:48,2
DA:49,1
DA:51,1
DA:54,0
DA:58,10
DA:59,10
DA:60,10
DA:61,10
DA:62,10
DA:63,10
DA:65,0
DA:69,6
DA:70,3
DA:71,3
DA:72,3
DA:73,3
DA:74,3
DA:75,1
DA:77,2
DA:78,2
DA:79,1
DA:81,1
DA:84,0
DA:88,6
DA:89,4
DA:90,4
DA:91,4
DA:92,4
DA:93,1
DA:95,3
DA:96,3
DA:97,2
DA:99,1
DA:102,0
DA:106,6
DA:109,6
LF:55
LH:50
BRDA:44,0,0,1
BRDA:48,1,0,1
BRDA:48,1,1,1
BRDA:74,2,0,1
BRDA:78,3,0,1
BRDA:78,3,1,1
BRDA:92,4,0,1
BRDA:96,5,0,2
BRDA:96,5,1,1
BRF:9
BRH:9
end_of_record
TN:
SF:src\routes\course.ts
FN:74,(anonymous_7)
FN:76,(anonymous_8)
FN:76,(anonymous_9)
FN:86,(anonymous_10)
FN:86,(anonymous_11)
FN:126,(anonymous_12)
FN:126,(anonymous_13)
FN:167,(anonymous_14)
FN:167,(anonymous_15)
FN:185,(anonymous_16)
FN:185,(anonymous_17)
FN:196,(anonymous_18)
FN:196,(anonymous_19)
FN:215,(anonymous_20)
FN:215,(anonymous_21)
FNF:15
FNH:15
FNDA:6,(anonymous_7)
FNDA:4,(anonymous_8)
FNDA:4,(anonymous_9)
FNDA:3,(anonymous_10)
FNDA:3,(anonymous_11)
FNDA:3,(anonymous_12)
FNDA:3,(anonymous_13)
FNDA:3,(anonymous_14)
FNDA:3,(anonymous_15)
FNDA:9,(anonymous_16)
FNDA:9,(anonymous_17)
FNDA:3,(anonymous_18)
FNDA:3,(anonymous_19)
FNDA:4,(anonymous_20)
FNDA:4,(anonymous_21)
DA:4,6
DA:5,6
DA:6,6
DA:7,6
DA:9,6
DA:10,6
DA:13,6
DA:43,6
DA:74,6
DA:76,6
DA:77,4
DA:78,4
DA:79,4
DA:80,4
DA:82,0
DA:86,6
DA:87,3
DA:88,3
DA:89,3
DA:90,3
DA:91,3
DA:92,3
DA:93,3
DA:94,1
DA:96,2
DA:97,2
DA:98,1
DA:100,1
DA:101,1
DA:102,1
DA:103,1
DA:104,1
DA:105,1
DA:106,1
DA:107,1
DA:108,1
DA:109,1
DA:110,1
DA:111,1
DA:112,1
DA:115,1
DA:119,1
DA:122,0
DA:126,6
DA:127,3
DA:128,3
DA:129,3
DA:130,3
DA:131,3
DA:132,3
DA:133,3
DA:134,3
DA:135,1
DA:137,2
DA:138,2
DA:139,1
DA:141,1
DA:142,1
DA:143,1
DA:144,1
DA:145,1
DA:146,1
DA:147,1
DA:148,1
DA:149,1
DA:150,1
DA:151,1
DA:152,1
DA:153,1
DA:156,1
DA:160,1
DA:163,0
DA:167,6
DA:168,3
DA:169,3
DA:170,3
DA:171,3
DA:172,1
DA:174,2
DA:175,2
DA:176,1
DA:178,1
DA:181,0
DA:185,9
DA:186,9
DA:187,9
DA:188,9
DA:189,9
DA:190,9
DA:192,0
DA:196,6
DA:197,3
DA:198,3
DA:199,3
DA:200,3
DA:201,3
DA:202,1
DA:204,2
DA:205,2
DA:206,1
DA:208,1
DA:211,0
DA:215,6
DA:216,4
DA:217,4
DA:218,4
DA:219,4
DA:220,1
DA:222,3
DA:223,3
DA:224,2
DA:226,1
DA:229,0
DA:233,6
DA:236,6
LF:115
LH:108
BRDA:93,0,0,1
BRDA:97,1,0,1
BRDA:102,2,0,1
BRDA:107,3,0,1
BRDA:111,4,0,1
BRDA:134,5,0,1
BRDA:138,6,0,1
BRDA:143,7,0,1
BRDA:148,8,0,1
BRDA:152,9,0,1
BRDA:171,10,0,1
BRDA:175,11,0,1
BRDA:175,11,1,1
BRDA:201,12,0,1
BRDA:205,13,0,1
BRDA:205,13,1,1
BRDA:219,14,0,1
BRDA:223,15,0,2
BRDA:223,15,1,1
BRF:19
BRH:19
end_of_record
TN:
SF:src\routes\group.ts
FN:32,(anonymous_7)
FN:34,(anonymous_8)
FN:34,(anonymous_9)
FN:44,(anonymous_10)
FN:44,(anonymous_11)
FN:62,(anonymous_12)
FN:62,(anonymous_13)
FN:73,(anonymous_14)
FN:73,(anonymous_15)
FN:92,(anonymous_16)
FN:92,(anonymous_17)
FNF:11
FNH:11
FNDA:6,(anonymous_7)
FNDA:4,(anonymous_8)
FNDA:4,(anonymous_9)
FNDA:3,(anonymous_10)
FNDA:3,(anonymous_11)
FNDA:8,(anonymous_12)
FNDA:8,(anonymous_13)
FNDA:3,(anonymous_14)
FNDA:3,(anonymous_15)
FNDA:4,(anonymous_16)
FNDA:4,(anonymous_17)
DA:4,6
DA:6,6
DA:7,6
DA:9,6
DA:20,6
DA:32,6
DA:34,6
DA:35,4
DA:36,4
DA:37,4
DA:38,4
DA:40,0
DA:44,6
DA:45,3
DA:46,3
DA:47,3
DA:48,3
DA:49,1
DA:51,2
DA:52,2
DA:53,1
DA:55,1
DA:58,0
DA:62,8
DA:63,8
DA:64,8
DA:65,8
DA:66,8
DA:67,8
DA:69,0
DA:73,6
DA:74,3
DA:75,3
DA:76,3
DA:77,3
DA:78,3
DA:79,1
DA:81,2
DA:82,2
DA:83,1
DA:85,1
DA:88,0
DA:92,6
DA:93,4
DA:94,4
DA:95,4
DA:96,4
DA:97,1
DA:99,3
DA:100,3
DA:101,2
DA:103,1
DA:106,0
DA:110,6
DA:113,6
LF:55
LH:50
BRDA:48,0,0,1
BRDA:52,1,0,1
BRDA:52,1,1,1
BRDA:78,2,0,1
BRDA:82,3,0,1
BRDA:82,3,1,1
BRDA:96,4,0,1
BRDA:100,5,0,2
BRDA:100,5,1,1
BRF:9
BRH:9
end_of_record
TN:
SF:src\routes\grouprollcall.ts
FN:58,(anonymous_7)
FN:60,(anonymous_8)
FN:60,(anonymous_9)
FN:71,(anonymous_10)
FN:71,(anonymous_11)
FN:89,(anonymous_12)
FN:89,(anonymous_13)
FN:127,(anonymous_14)
FN:127,(anonymous_15)
FN:138,(anonymous_16)
FN:138,(anonymous_17)
FN:157,(anonymous_18)
FN:157,(anonymous_19)
FNF:13
FNH:13
FNDA:6,(anonymous_7)
FNDA:4,(anonymous_8)
FNDA:4,(anonymous_9)
FNDA:3,(anonymous_10)
FNDA:3,(anonymous_11)
FNDA:3,(anonymous_12)
FNDA:3,(anonymous_13)
FNDA:8,(anonymous_14)
FNDA:8,(anonymous_15)
FNDA:3,(anonymous_16)
FNDA:3,(anonymous_17)
FNDA:4,(anonymous_18)
FNDA:4,(anonymous_19)
DA:4,6
DA:5,6
DA:6,6
DA:7,6
DA:9,6
DA:10,6
DA:13,6
DA:35,6
DA:58,6
DA:60,6
DA:61,4
DA:62,4
DA:63,4
DA:64,4
DA:65,4
DA:67,0
DA:71,6
DA:72,3
DA:73,3
DA:74,3
DA:75,3
DA:76,1
DA:78,2
DA:79,2
DA:80,1
DA:82,1
DA:85,0
DA:89,6
DA:90,3
DA:91,3
DA:92,3
DA:93,3
DA:94,3
DA:95,3
DA:96,3
DA:97,3
DA:99,3
DA:100,1
DA:103,2
DA:104,2
DA:106,2
DA:107,1
DA:110,1
DA:111,1
DA:113,1
DA:114,1
DA:115,1
DA:116,1
DA:117,1
DA:118,1
DA:121,1
DA:123,0
DA:127,8
DA:128,8
DA:129,8
DA:130,8
DA:131,8
DA:132,8
DA:134,0
DA:138,6
DA:139,3
DA:140,3
DA:141,3
DA:142,3
DA:143,3
DA:144,1
DA:146,2
DA:147,2
DA:148,1
DA:150,1
DA:153,0
DA:157,6
DA:158,4
DA:159,4
DA:160,4
DA:161,4
DA:162,1
DA:164,3
DA:165,3
DA:166,2
DA:168,1
DA:171,0
DA:175,6
DA:178,6
LF:84
LH:78
BRDA:75,0,0,1
BRDA:79,1,0,1
BRDA:79,1,1,1
BRDA:99,2,0,1
BRDA:99,3,0,3
BRDA:99,3,1,2
BRDA:106,4,0,1
BRDA:106,5,0,2
BRDA:106,5,1,1
BRDA:114,6,0,1
BRDA:143,7,0,1
BRDA:147,8,0,1
BRDA:147,8,1,1
BRDA:161,9,0,1
BRDA:165,10,0,2
BRDA:165,10,1,1
BRF:16
BRH:16
end_of_record
TN:
SF:src\routes\memberrollcall.ts
FN:45,(anonymous_7)
FN:47,(anonymous_8)
FN:47,(anonymous_9)
FN:57,(anonymous_10)
FN:57,(anonymous_11)
FN:75,(anonymous_12)
FN:75,(anonymous_13)
FN:109,(anonymous_14)
FN:109,(anonymous_15)
FN:120,(anonymous_16)
FN:120,(anonymous_17)
FN:139,(anonymous_18)
FN:139,(anonymous_19)
FNF:13
FNH:13
FNDA:6,(anonymous_7)
FNDA:4,(anonymous_8)
FNDA:4,(anonymous_9)
FNDA:3,(anonymous_10)
FNDA:3,(anonymous_11)
FNDA:3,(anonymous_12)
FNDA:3,(anonymous_13)
FNDA:7,(anonymous_14)
FNDA:7,(anonymous_15)
FNDA:3,(anonymous_16)
FNDA:3,(anonymous_17)
FNDA:4,(anonymous_18)
FNDA:4,(anonymous_19)
DA:4,6
DA:5,6
DA:6,6
DA:7,6
DA:9,6
DA:10,6
DA:12,6
DA:28,6
DA:45,6
DA:47,6
DA:48,4
DA:49,4
DA:50,4
DA:51,4
DA:53,0
DA:57,6
DA:58,3
DA:59,3
DA:60,3
DA:61,3
DA:62,1
DA:64,2
DA:65,2
DA:66,1
DA:68,1
DA:71,0
DA:75,6
DA:76,3
DA:77,3
DA:78,3
DA:79,3
DA:80,3
DA:81,3
DA:82,3
DA:83,3
DA:84,3
DA:86,3
DA:87,1
DA:90,2
DA:91,2
DA:92,2
DA:94,2
DA:95,1
DA:98,1
DA:99,1
DA:100,1
DA:101,1
DA:103,1
DA:105,0
DA:109,7
DA:110,7
DA:111,7
DA:112,7
DA:113,7
DA:114,7
DA:116,0
DA:120,6
DA:121,3
DA:122,3
DA:123,3
DA:124,3
DA:125,3
DA:126,1
DA:128,2
DA:129,2
DA:130,1
DA:132,1
DA:135,0
DA:139,6
DA:140,4
DA:141,4
DA:142,4
DA:143,4
DA:144,1
DA:146,3
DA:147,3
DA:148,2
DA:150,1
DA:153,0
DA:157,6
DA:160,6
LF:81
LH:75
BRDA:61,0,0,1
BRDA:65,1,0,1
BRDA:65,1,1,1
BRDA:86,2,0,1
BRDA:86,3,0,3
BRDA:86,3,1,2
BRDA:86,3,2,2
BRDA:94,4,0,1
BRDA:94,5,0,2
BRDA:94,5,1,1
BRDA:94,5,2,1
BRDA:125,6,0,1
BRDA:129,7,0,1
BRDA:129,7,1,1
BRDA:143,8,0,1
BRDA:147,9,0,2
BRDA:147,9,1,1
BRF:17
BRH:17
end_of_record
TN:
SF:src\test\db.ts
FN:9,(anonymous_8)
FN:9,(anonymous_9)
FN:18,(anonymous_10)
FN:18,(anonymous_11)
FN:27,(anonymous_12)
FN:27,(anonymous_13)
FNF:6
FNH:6
FNDA:6,(anonymous_8)
FNDA:6,(anonymous_9)
FNDA:6,(anonymous_10)
FNDA:6,(anonymous_11)
FNDA:30,(anonymous_12)
FNDA:30,(anonymous_13)
DA:1,6
DA:2,6
DA:4,6
DA:9,6
DA:10,6
DA:11,6
DA:12,6
DA:18,6
DA:19,6
DA:20,6
DA:21,6
DA:27,30
DA:28,30
DA:30,30
DA:31,150
DA:32,150
LF:16
LH:16
BRF:0
BRH:0
end_of_record
